2025-10-01 19:22:55,776 - INFO - No api_key in config, attempting to grab one
2025-10-01 19:22:55,776 - INFO - ⏳ Waiting for MobSF container to be ready...
2025-10-01 19:22:55,803 - INFO - ✅ MobSF container is running
2025-10-01 19:22:55,803 - INFO - ⏳ Waiting for MobSF initialization...
2025-10-01 19:23:05,804 - INFO - 📋 Searching for API key in Docker logs...
2025-10-01 19:23:05,849 - INFO - 🔍 API key not in recent logs, checking full logs...
2025-10-01 19:23:05,918 - ERROR - ❌ API key not found in Docker logs
2025-10-01 19:23:05,920 - ERROR - ❌ Failed to extract API key
2025-10-01 19:23:05,921 - ERROR - Could not obtain API key; aborting
2025-10-01 19:57:59,708 - INFO - No session cookie in config, attempting to login...
2025-10-01 19:57:59,708 - INFO - ⏳ Waiting for MobSF to be ready...
2025-10-01 19:57:59,721 - INFO - ✅ MobSF API docs are accessible
2025-10-01 19:57:59,723 - INFO - 🔐 Logging in as mobsf...
2025-10-01 19:58:00,534 - INFO - ✅ Login successful!
2025-10-01 19:58:00,535 - INFO - ✅ Session cookie obtained: 6v33krwwkdwjc4cbmtiy...
2025-10-01 19:58:00,540 - ERROR - ❌ API test failed: 401
2025-10-01 19:58:00,541 - ERROR - ❌ Failed to authenticate with MobSF
2025-10-01 19:58:00,541 - ERROR - Could not login to MobSF; aborting
2025-10-01 20:01:34,355 - INFO - No session cookie in config, attempting to login...
2025-10-01 20:01:34,355 - INFO - ⏳ Waiting for MobSF to be ready...
2025-10-01 20:01:34,370 - INFO - ✅ MobSF API docs are accessible
2025-10-01 20:01:34,371 - INFO - 🔐 Logging in as mobsf...
2025-10-01 20:01:34,391 - INFO - ✅ Login successful!
2025-10-01 20:01:34,392 - ERROR - ❌ No session cookie found
2025-10-01 20:01:34,394 - ERROR - ❌ Failed to authenticate with MobSF
2025-10-01 20:01:34,394 - ERROR - Could not login to MobSF; aborting
2025-10-01 21:59:45,936 - INFO - Getting fresh API key from server...
2025-10-01 22:02:41,621 - INFO - ⏳ Waiting for MobSF to be ready...
2025-10-01 22:02:41,629 - INFO - ✅ MobSF login page is accessible
2025-10-01 22:02:41,630 - INFO - 🔐 Logging in as mobsf...
2025-10-01 22:02:41,638 - INFO - ✅ CSRF token: FxAUNLH7DCKoyNVohDuz...
2025-10-01 22:02:42,451 - INFO - ✅ Login successful! Redirected to API docs
2025-10-01 22:02:42,452 - INFO - ✅ Session cookie: 517iwjmweja7jt2eebc5...
2025-10-01 22:02:42,452 - INFO - 📖 Accessing API docs after login...
2025-10-01 22:02:42,468 - INFO - ✅ Successfully accessed API docs
2025-10-01 22:02:42,470 - INFO - ✅ Authenticated API docs saved to api_docs_authenticated.html
2025-10-01 22:02:42,517 - INFO - ✅ Found hex strings: ['026597a5874e435beca826d7be31ac79f88beda7783bc31b359d92b00e56f3a2', '026597a5874e435beca826d7be31ac79f88beda7783bc31b359d92b00e56f3a2', '026597a5874e435beca826d7be31ac79f88beda7783bc31b359d92b00e56f3a2']
2025-10-01 22:02:42,518 - INFO - ✅ Using as API key: 026597a5874e435b...
2025-10-01 22:02:42,519 - INFO - 🧪 Testing API key...
2025-10-01 22:02:42,535 - ERROR - ❌ API key test failed: 405
2025-10-01 22:02:42,536 - ERROR - ❌ API key test failed
2025-10-01 22:02:42,539 - ERROR - Could not obtain API key; aborting
2025-10-01 22:03:14,306 - INFO - ⏳ Waiting for MobSF to be ready...
2025-10-01 22:03:14,314 - INFO - ✅ MobSF login page is accessible
2025-10-01 22:03:14,315 - INFO - 🔐 Logging in as mobsf...
2025-10-01 22:03:14,323 - INFO - ✅ CSRF token: VbQ8uGR8uAOGqwfNTYMv...
2025-10-01 22:03:15,119 - INFO - ✅ Login successful! Redirected to API docs
2025-10-01 22:03:15,120 - INFO - ✅ Session cookie: xsvgvjbdf0kzkevderou...
2025-10-01 22:03:15,121 - INFO - 📖 Accessing API docs after login...
2025-10-01 22:03:15,134 - INFO - ✅ Successfully accessed API docs
2025-10-01 22:03:15,137 - INFO - ✅ Authenticated API docs saved to api_docs_authenticated.html
2025-10-01 22:03:15,180 - INFO - ✅ Found hex strings: ['026597a5874e435beca826d7be31ac79f88beda7783bc31b359d92b00e56f3a2', '026597a5874e435beca826d7be31ac79f88beda7783bc31b359d92b00e56f3a2', '026597a5874e435beca826d7be31ac79f88beda7783bc31b359d92b00e56f3a2']
2025-10-01 22:03:15,180 - INFO - ✅ Using as API key: 026597a5874e435b...
2025-10-01 22:03:15,181 - INFO - 🧪 Testing API key...
2025-10-01 22:03:15,186 - ERROR - ❌ API key test failed: 405
2025-10-01 22:03:15,187 - ERROR - ❌ API key test failed
2025-10-01 22:03:15,188 - ERROR - Could not obtain API key; aborting
2025-10-01 22:08:25,896 - INFO - ⏳ Waiting for MobSF to be ready...
2025-10-01 22:08:25,905 - INFO - ✅ MobSF login page is accessible
2025-10-01 22:08:25,907 - INFO - 🔐 Logging in as mobsf...
2025-10-01 22:08:25,917 - INFO - ✅ CSRF token: 8vpzk2qoALEeLv47wZAs...
2025-10-01 22:08:26,728 - INFO - ✅ Login successful! Redirected to API docs
2025-10-01 22:08:26,729 - INFO - ✅ Session cookie: tjy6co2enyr5lvw9j4xz...
2025-10-01 22:08:26,730 - INFO - 📖 Accessing API docs after login...
2025-10-01 22:08:26,744 - INFO - ✅ Successfully accessed API docs
2025-10-01 22:08:26,746 - INFO - ✅ Authenticated API docs saved to api_docs_authenticated.html
2025-10-01 22:08:26,790 - INFO - ✅ Found hex strings: ['026597a5874e435beca826d7be31ac79f88beda7783bc31b359d92b00e56f3a2', '026597a5874e435beca826d7be31ac79f88beda7783bc31b359d92b00e56f3a2', '026597a5874e435beca826d7be31ac79f88beda7783bc31b359d92b00e56f3a2']
2025-10-01 22:08:26,791 - INFO - ✅ Using as API key: 026597a5874e435b...
2025-10-01 22:08:26,791 - INFO - 🧪 Testing API key...
2025-10-01 22:08:26,799 - ERROR - ❌ API key test failed: 405
2025-10-01 22:08:26,808 - ERROR - ❌ API key test failed
2025-10-01 22:08:26,811 - ERROR - Could not obtain API key; aborting
2025-10-01 22:13:22,763 - INFO - ⏳ Waiting for MobSF to be ready...
2025-10-01 22:13:22,772 - INFO - ✅ MobSF login page is accessible
2025-10-01 22:13:22,773 - INFO - 🔐 Logging in as mobsf...
2025-10-01 22:13:22,781 - INFO - ✅ CSRF token: JMOzdpUSfsQqVYgZvQGt...
2025-10-01 22:13:23,576 - INFO - ✅ Login successful! Redirected to API docs
2025-10-01 22:13:23,576 - INFO - ✅ Session cookie: a9wvtmyzmxisbhztuk0q...
2025-10-01 22:13:23,577 - INFO - 📖 Accessing API docs after login...
2025-10-01 22:13:23,589 - INFO - ✅ Successfully accessed API docs
2025-10-01 22:13:23,592 - INFO - ✅ Authenticated API docs saved to api_docs_authenticated.html
2025-10-01 22:13:23,633 - INFO - ✅ Found hex strings: ['026597a5874e435beca826d7be31ac79f88beda7783bc31b359d92b00e56f3a2', '026597a5874e435beca826d7be31ac79f88beda7783bc31b359d92b00e56f3a2', '026597a5874e435beca826d7be31ac79f88beda7783bc31b359d92b00e56f3a2']
2025-10-01 22:13:23,633 - INFO - ✅ Using as API key: 026597a5874e435b...
2025-10-01 22:13:23,634 - INFO - 🧪 Testing API key...
2025-10-01 22:13:23,644 - ERROR - ❌ API key test failed: 405
2025-10-01 22:13:23,645 - ERROR - ❌ API key test failed
2025-10-01 22:13:23,646 - ERROR - Could not obtain API key; aborting
2025-10-01 22:14:32,758 - INFO - ⏳ Waiting for MobSF to be ready...
2025-10-01 22:14:32,767 - INFO - ✅ MobSF login page is accessible
2025-10-01 22:14:32,768 - INFO - 🔐 Logging in as mobsf...
2025-10-01 22:14:32,776 - INFO - ✅ CSRF token: PqVDZpseozela5MJCMo4...
2025-10-01 22:14:33,598 - INFO - ✅ Login successful! Redirected to API docs
2025-10-01 22:14:33,598 - INFO - ✅ Session cookie: t5ve94wct488ryd9sp3o...
2025-10-01 22:14:33,599 - INFO - 📖 Accessing API docs after login...
2025-10-01 22:14:33,616 - INFO - ✅ Successfully accessed API docs
2025-10-01 22:14:33,632 - INFO - ✅ Authenticated API docs saved to api_docs_authenticated.html
2025-10-01 22:14:33,687 - INFO - ✅ Found hex strings: ['026597a5874e435beca826d7be31ac79f88beda7783bc31b359d92b00e56f3a2', '026597a5874e435beca826d7be31ac79f88beda7783bc31b359d92b00e56f3a2', '026597a5874e435beca826d7be31ac79f88beda7783bc31b359d92b00e56f3a2']
2025-10-01 22:14:33,687 - INFO - ✅ Using as API key: 026597a5874e435b...
2025-10-01 22:14:33,688 - INFO - 🧪 Testing API key...
2025-10-01 22:14:33,694 - ERROR - ❌ API key test failed: 405
2025-10-01 22:14:33,697 - ERROR - ❌ API key test failed
2025-10-01 22:14:33,701 - ERROR - Could not obtain API key; aborting
2025-10-01 22:16:49,968 - INFO - ⏳ Waiting for MobSF to be ready...
2025-10-01 22:16:49,981 - INFO - ✅ MobSF login page is accessible
2025-10-01 22:16:49,983 - INFO - 🔐 Logging in as mobsf...
2025-10-01 22:16:50,003 - INFO - ✅ CSRF token: qXo3vj6xKMMMRoA78KSi...
2025-10-01 22:16:50,862 - INFO - ✅ Login successful! Redirected to API docs
2025-10-01 22:16:50,863 - INFO - ✅ Session cookie: ng58uy7ge31s4suq5a68...
2025-10-01 22:16:50,863 - INFO - 📖 Accessing API docs after login...
2025-10-01 22:16:50,876 - INFO - ✅ Successfully accessed API docs
2025-10-01 22:16:50,878 - INFO - ✅ Authenticated API docs saved to api_docs_authenticated.html
2025-10-01 22:16:50,945 - INFO - ✅ Found hex strings: ['026597a5874e435beca826d7be31ac79f88beda7783bc31b359d92b00e56f3a2', '026597a5874e435beca826d7be31ac79f88beda7783bc31b359d92b00e56f3a2', '026597a5874e435beca826d7be31ac79f88beda7783bc31b359d92b00e56f3a2']
2025-10-01 22:16:50,946 - INFO - ✅ Using as API key: 026597a5874e435b...
2025-10-01 22:16:50,946 - INFO - 🧪 Testing API key...
2025-10-01 22:16:50,958 - INFO - ✅ API key works!
2025-10-01 22:16:50,959 - INFO - ✅ API authentication successful!
2025-10-01 22:16:50,960 - INFO - ✅ Credentials saved to config
2025-10-01 22:18:11,959 - INFO - ⏳ Waiting for MobSF to be ready...
2025-10-01 22:18:11,969 - INFO - ✅ MobSF login page is accessible
2025-10-01 22:18:11,970 - INFO - 🔐 Logging in as mobsf...
2025-10-01 22:18:11,978 - INFO - ✅ CSRF token: 5d3YHMOdhuVwMmLu1egZ...
2025-10-01 22:18:12,777 - INFO - ✅ Login successful! Redirected to API docs
2025-10-01 22:18:12,778 - INFO - ✅ Session cookie: hu2h32sptjk10kr9yjsq...
2025-10-01 22:18:12,779 - INFO - 📖 Accessing API docs after login...
2025-10-01 22:18:12,795 - INFO - ✅ Successfully accessed API docs
2025-10-01 22:18:12,798 - INFO - ✅ Authenticated API docs saved to api_docs_authenticated.html
2025-10-01 22:18:12,837 - INFO - ✅ Found hex strings: ['026597a5874e435beca826d7be31ac79f88beda7783bc31b359d92b00e56f3a2', '026597a5874e435beca826d7be31ac79f88beda7783bc31b359d92b00e56f3a2', '026597a5874e435beca826d7be31ac79f88beda7783bc31b359d92b00e56f3a2']
2025-10-01 22:18:12,837 - INFO - ✅ Using as API key: 026597a5874e435b...
2025-10-01 22:18:12,838 - INFO - 🧪 Testing API key...
2025-10-01 22:18:12,849 - INFO - ✅ API key works!
2025-10-01 22:18:12,849 - INFO - ✅ API authentication successful!
2025-10-01 22:18:12,850 - INFO - ✅ Credentials saved to config
2025-10-01 22:20:54,518 - INFO - ⏳ Waiting for MobSF to be ready...
2025-10-01 22:20:54,527 - INFO - ✅ MobSF login page is accessible
2025-10-01 22:20:54,529 - INFO - 🔐 Logging in as mobsf...
2025-10-01 22:20:54,537 - INFO - ✅ CSRF token: Au3zqulbYLTMQ0ACnDKR...
2025-10-01 22:20:55,330 - INFO - ✅ Login successful! Redirected to API docs
2025-10-01 22:20:55,331 - INFO - ✅ Session cookie: oxaophvnzyfqwp5tyeyo...
2025-10-01 22:20:55,332 - INFO - 📖 Accessing API docs after login...
2025-10-01 22:20:55,348 - INFO - ✅ Successfully accessed API docs
2025-10-01 22:20:55,351 - INFO - ✅ Authenticated API docs saved to api_docs_authenticated.html
2025-10-01 22:20:55,389 - INFO - ✅ Found hex strings: ['026597a5874e435beca826d7be31ac79f88beda7783bc31b359d92b00e56f3a2', '026597a5874e435beca826d7be31ac79f88beda7783bc31b359d92b00e56f3a2', '026597a5874e435beca826d7be31ac79f88beda7783bc31b359d92b00e56f3a2']
2025-10-01 22:20:55,390 - INFO - ✅ Using as API key: 026597a5874e435b...
2025-10-01 22:20:55,390 - INFO - 🧪 Testing API key...
2025-10-01 22:20:55,402 - INFO - ✅ API key works!
2025-10-01 22:20:55,404 - INFO - ✅ API authentication successful!
2025-10-01 22:20:55,405 - INFO - ✅ Credentials saved to config
2025-10-01 22:21:09,249 - INFO - ⏳ Waiting for MobSF to be ready...
2025-10-01 22:21:09,257 - INFO - ✅ MobSF login page is accessible
2025-10-01 22:21:09,259 - INFO - 🔐 Logging in as mobsf...
2025-10-01 22:21:09,272 - INFO - ✅ CSRF token: cGpk2JuFXM8hYO2HWOTV...
2025-10-01 22:21:10,074 - INFO - ✅ Login successful! Redirected to API docs
2025-10-01 22:21:10,075 - INFO - ✅ Session cookie: g8qtw98hbg8f72odm0g4...
2025-10-01 22:21:10,075 - INFO - 📖 Accessing API docs after login...
2025-10-01 22:21:10,099 - INFO - ✅ Successfully accessed API docs
2025-10-01 22:21:10,102 - INFO - ✅ Authenticated API docs saved to api_docs_authenticated.html
2025-10-01 22:21:10,151 - INFO - ✅ Found hex strings: ['026597a5874e435beca826d7be31ac79f88beda7783bc31b359d92b00e56f3a2', '026597a5874e435beca826d7be31ac79f88beda7783bc31b359d92b00e56f3a2', '026597a5874e435beca826d7be31ac79f88beda7783bc31b359d92b00e56f3a2']
2025-10-01 22:21:10,152 - INFO - ✅ Using as API key: 026597a5874e435b...
2025-10-01 22:21:10,152 - INFO - 🧪 Testing API key...
2025-10-01 22:21:10,160 - INFO - ✅ API key works!
2025-10-01 22:21:10,166 - INFO - ✅ API authentication successful!
2025-10-01 22:21:10,167 - INFO - ✅ Credentials saved to config
2025-10-01 22:22:46,451 - INFO - ⏳ Waiting for MobSF to be ready...
2025-10-01 22:22:46,460 - INFO - ✅ MobSF login page is accessible
2025-10-01 22:22:46,461 - INFO - 🔐 Logging in as mobsf...
2025-10-01 22:22:46,471 - INFO - ✅ CSRF token: YAg0NrLHusdREYRKGbiW...
2025-10-01 22:22:47,273 - INFO - ✅ Login successful! Redirected to API docs
2025-10-01 22:22:47,273 - INFO - ✅ Session cookie: 0rd9qtdy1089c58kokds...
2025-10-01 22:22:47,273 - INFO - 📖 Accessing API docs after login...
2025-10-01 22:22:47,287 - INFO - ✅ Successfully accessed API docs
2025-10-01 22:22:47,289 - INFO - ✅ Authenticated API docs saved to api_docs_authenticated.html
2025-10-01 22:22:47,332 - INFO - ✅ Found hex strings: ['026597a5874e435beca826d7be31ac79f88beda7783bc31b359d92b00e56f3a2', '026597a5874e435beca826d7be31ac79f88beda7783bc31b359d92b00e56f3a2', '026597a5874e435beca826d7be31ac79f88beda7783bc31b359d92b00e56f3a2']
2025-10-01 22:22:47,333 - INFO - ✅ Using as API key: 026597a5874e435b...
2025-10-01 22:22:47,333 - INFO - 🧪 Testing API key...
2025-10-01 22:22:47,344 - INFO - ✅ API key works!
2025-10-01 22:22:47,345 - INFO - ✅ API authentication successful!
2025-10-01 22:22:47,346 - INFO - ✅ Credentials saved to config
2025-10-01 22:24:15,016 - INFO - ⏳ Waiting for MobSF to be ready...
2025-10-01 22:24:15,025 - INFO - ✅ MobSF login page is accessible
2025-10-01 22:24:15,026 - INFO - 🔐 Logging in as mobsf...
2025-10-01 22:24:15,034 - INFO - ✅ CSRF token: u5X1DKkIusAkBRCyrtXA...
2025-10-01 22:24:15,822 - INFO - ✅ Login successful! Redirected to API docs
2025-10-01 22:24:15,823 - INFO - ✅ Session cookie: 4879trhdn02hecgjibxk...
2025-10-01 22:24:15,823 - INFO - 📖 Accessing API docs after login...
2025-10-01 22:24:15,836 - INFO - ✅ Successfully accessed API docs
2025-10-01 22:24:15,838 - INFO - ✅ Authenticated API docs saved to api_docs_authenticated.html
2025-10-01 22:24:15,875 - INFO - ✅ Found hex strings: ['026597a5874e435beca826d7be31ac79f88beda7783bc31b359d92b00e56f3a2', '026597a5874e435beca826d7be31ac79f88beda7783bc31b359d92b00e56f3a2', '026597a5874e435beca826d7be31ac79f88beda7783bc31b359d92b00e56f3a2']
2025-10-01 22:24:15,875 - INFO - ✅ Using as API key: 026597a5874e435b...
2025-10-01 22:24:15,875 - INFO - 🧪 Testing API key...
2025-10-01 22:24:15,883 - INFO - ✅ API key works!
2025-10-01 22:24:15,884 - INFO - ✅ API authentication successful!
2025-10-01 22:24:15,884 - INFO - ✅ Credentials saved to config
2025-10-01 22:24:53,344 - INFO - ⏳ Waiting for MobSF to be ready...
2025-10-01 22:24:53,352 - INFO - ✅ MobSF login page is accessible
2025-10-01 22:24:53,353 - INFO - 🔐 Logging in as mobsf...
2025-10-01 22:24:53,361 - INFO - ✅ CSRF token: wD8chS35b2tK7iPHKdri...
2025-10-01 22:24:54,155 - INFO - ✅ Login successful! Redirected to API docs
2025-10-01 22:24:54,155 - INFO - ✅ Session cookie: f1qo5jel4i0l3mdwe6zu...
2025-10-01 22:24:54,156 - INFO - 📖 Accessing API docs after login...
2025-10-01 22:24:54,168 - INFO - ✅ Successfully accessed API docs
2025-10-01 22:24:54,170 - INFO - ✅ Authenticated API docs saved to api_docs_authenticated.html
2025-10-01 22:24:54,210 - INFO - ✅ Found hex strings: ['026597a5874e435beca826d7be31ac79f88beda7783bc31b359d92b00e56f3a2', '026597a5874e435beca826d7be31ac79f88beda7783bc31b359d92b00e56f3a2', '026597a5874e435beca826d7be31ac79f88beda7783bc31b359d92b00e56f3a2']
2025-10-01 22:24:54,211 - INFO - ✅ Using as API key: 026597a5874e435b...
2025-10-01 22:24:54,211 - INFO - 🧪 Testing API key...
2025-10-01 22:24:54,219 - INFO - ✅ API key works!
2025-10-01 22:24:54,220 - INFO - ✅ API authentication successful!
2025-10-01 22:24:54,221 - INFO - ✅ Credentials saved to config
2025-10-01 22:28:26,104 - INFO - ⏳ Waiting for MobSF to be ready...
2025-10-01 22:28:26,112 - INFO - ✅ MobSF login page is accessible
2025-10-01 22:28:26,113 - INFO - 🔐 Logging in as mobsf...
2025-10-01 22:28:26,124 - INFO - ✅ CSRF token: BZK6r8PrKYUmbYXdply1...
2025-10-01 22:28:26,918 - INFO - ✅ Login successful! Redirected to API docs
2025-10-01 22:28:26,918 - INFO - ✅ Session cookie: ow1gj3zwixy0895uqilx...
2025-10-01 22:28:26,919 - INFO - 📖 Accessing API docs after login...
2025-10-01 22:28:26,933 - INFO - ✅ Successfully accessed API docs
2025-10-01 22:28:26,935 - INFO - ✅ Authenticated API docs saved to api_docs_authenticated.html
2025-10-01 22:28:26,977 - INFO - ✅ Found hex strings: ['026597a5874e435beca826d7be31ac79f88beda7783bc31b359d92b00e56f3a2', '026597a5874e435beca826d7be31ac79f88beda7783bc31b359d92b00e56f3a2', '026597a5874e435beca826d7be31ac79f88beda7783bc31b359d92b00e56f3a2']
2025-10-01 22:28:26,977 - INFO - ✅ Using as API key: 026597a5874e435b...
2025-10-01 22:28:26,978 - INFO - 🧪 Testing API key...
2025-10-01 22:28:26,987 - INFO - ✅ API key works!
2025-10-01 22:28:26,988 - INFO - ✅ API authentication successful!
2025-10-01 22:28:26,989 - INFO - ✅ Credentials saved to config
2025-10-01 22:36:14,072 - INFO - ⏳ Waiting for MobSF to be ready...
2025-10-01 22:36:14,082 - INFO - ✅ MobSF login page is accessible
2025-10-01 22:36:14,083 - INFO - 🔐 Logging in as mobsf...
2025-10-01 22:36:14,093 - INFO - ✅ CSRF token: YK4B9r1ANKCjt7JiRxZN...
2025-10-01 22:36:14,884 - INFO - ✅ Login successful! Redirected to API docs
2025-10-01 22:36:14,885 - INFO - ✅ Session cookie: 2xqdu1w9e0d22txdzzve...
2025-10-01 22:36:14,885 - INFO - 📖 Accessing API docs after login...
2025-10-01 22:36:14,901 - INFO - ✅ Successfully accessed API docs
2025-10-01 22:36:14,906 - INFO - ✅ Authenticated API docs saved to api_docs_authenticated.html
2025-10-01 22:36:14,955 - INFO - ✅ Found hex strings: ['026597a5874e435beca826d7be31ac79f88beda7783bc31b359d92b00e56f3a2', '026597a5874e435beca826d7be31ac79f88beda7783bc31b359d92b00e56f3a2', '026597a5874e435beca826d7be31ac79f88beda7783bc31b359d92b00e56f3a2']
2025-10-01 22:36:14,955 - INFO - ✅ Using as API key: 026597a5874e435b...
2025-10-01 22:36:14,956 - INFO - 🧪 Testing API key...
2025-10-01 22:36:14,967 - INFO - ✅ API key works!
2025-10-01 22:36:14,968 - INFO - ✅ API authentication successful!
2025-10-01 22:36:14,969 - INFO - ✅ Credentials saved to config
2025-10-01 22:39:15,440 - INFO - ⏳ Waiting for MobSF to be ready...
2025-10-01 22:39:15,449 - INFO - ✅ MobSF login page is accessible
2025-10-01 22:39:15,450 - INFO - 🔐 Logging in as mobsf...
2025-10-01 22:39:15,458 - INFO - ✅ CSRF token: OzMvdxqU74855wDcAlmY...
2025-10-01 22:39:16,257 - INFO - ✅ Login successful! Redirected to API docs
2025-10-01 22:39:16,258 - INFO - ✅ Session cookie: 2l9syvnokhg1kustdb5m...
2025-10-01 22:39:16,258 - INFO - 📖 Accessing API docs after login...
2025-10-01 22:39:16,272 - INFO - ✅ Successfully accessed API docs
2025-10-01 22:39:16,274 - INFO - ✅ Authenticated API docs saved to api_docs_authenticated.html
2025-10-01 22:39:16,311 - INFO - ✅ Found hex strings: ['026597a5874e435beca826d7be31ac79f88beda7783bc31b359d92b00e56f3a2', '026597a5874e435beca826d7be31ac79f88beda7783bc31b359d92b00e56f3a2', '026597a5874e435beca826d7be31ac79f88beda7783bc31b359d92b00e56f3a2']
2025-10-01 22:39:16,312 - INFO - ✅ Using as API key: 026597a5874e435b...
2025-10-01 22:39:16,312 - INFO - 🧪 Testing API key...
2025-10-01 22:39:16,321 - INFO - ✅ API key works!
2025-10-01 22:39:16,322 - INFO - ✅ API authentication successful!
2025-10-01 22:39:16,324 - INFO - ✅ Credentials saved to config
2025-10-01 22:40:53,182 - INFO - ⏳ Waiting for MobSF to be ready...
2025-10-01 22:40:53,191 - INFO - ✅ MobSF login page is accessible
2025-10-01 22:40:53,192 - INFO - 🔐 Logging in as mobsf...
2025-10-01 22:40:53,200 - INFO - ✅ CSRF token: 86DNW3CszkvUsIxgqNXT...
2025-10-01 22:40:54,039 - INFO - ✅ Login successful! Redirected to API docs
2025-10-01 22:40:54,040 - INFO - ✅ Session cookie: ii9h3nh25nb3m8i3hob9...
2025-10-01 22:40:54,040 - INFO - 📖 Accessing API docs after login...
2025-10-01 22:40:54,059 - INFO - ✅ Successfully accessed API docs
2025-10-01 22:40:54,061 - INFO - ✅ Authenticated API docs saved to api_docs_authenticated.html
2025-10-01 22:40:54,163 - INFO - ✅ Found hex strings: ['026597a5874e435beca826d7be31ac79f88beda7783bc31b359d92b00e56f3a2', '026597a5874e435beca826d7be31ac79f88beda7783bc31b359d92b00e56f3a2', '026597a5874e435beca826d7be31ac79f88beda7783bc31b359d92b00e56f3a2']
2025-10-01 22:40:54,164 - INFO - ✅ Using as API key: 026597a5874e435b...
2025-10-01 22:40:54,164 - INFO - 🧪 Testing API key...
2025-10-01 22:40:54,181 - INFO - ✅ API key works!
2025-10-01 22:40:54,187 - INFO - ✅ API authentication successful!
2025-10-01 22:40:54,191 - INFO - ✅ Credentials saved to config
2025-10-01 22:49:42,170 - INFO - ⏳ Waiting for MobSF to be ready...
2025-10-01 22:49:42,189 - INFO - ✅ MobSF login page is accessible
2025-10-01 22:49:42,190 - INFO - 🔐 Logging in as mobsf...
2025-10-01 22:49:42,198 - INFO - ✅ CSRF token: qFzJqcaeQnopjpLThL1r...
2025-10-01 22:49:43,226 - INFO - ✅ Login successful! Redirected to API docs
2025-10-01 22:49:43,226 - INFO - ✅ Session cookie: okk9t1ss9yc36a7iztpb...
2025-10-01 22:49:43,227 - INFO - 📖 Accessing API docs after login...
2025-10-01 22:49:43,243 - INFO - ✅ Successfully accessed API docs
2025-10-01 22:49:43,246 - INFO - ✅ Authenticated API docs saved to api_docs_authenticated.html
2025-10-01 22:49:43,302 - INFO - ✅ Found hex strings: ['026597a5874e435beca826d7be31ac79f88beda7783bc31b359d92b00e56f3a2', '026597a5874e435beca826d7be31ac79f88beda7783bc31b359d92b00e56f3a2', '026597a5874e435beca826d7be31ac79f88beda7783bc31b359d92b00e56f3a2']
2025-10-01 22:49:43,306 - INFO - ✅ Using as API key: 026597a5874e435b...
2025-10-01 22:49:43,308 - INFO - 🧪 Testing API key...
2025-10-01 22:49:43,323 - INFO - ✅ API key works!
2025-10-01 22:49:43,330 - INFO - ✅ API authentication successful!
2025-10-01 22:49:43,331 - INFO - ✅ Credentials saved to config
2025-10-01 22:50:25,759 - INFO - ⏳ Waiting for MobSF to be ready...
2025-10-01 22:50:25,768 - INFO - ✅ MobSF login page is accessible
2025-10-01 22:50:25,769 - INFO - 🔐 Logging in as mobsf...
2025-10-01 22:50:25,776 - INFO - ✅ CSRF token: oqMRBSgD8o9Y0zVvxpsc...
2025-10-01 22:50:26,578 - INFO - ✅ Login successful! Redirected to API docs
2025-10-01 22:50:26,578 - INFO - ✅ Session cookie: jeox5l8btsmhrf2hiat1...
2025-10-01 22:50:26,579 - INFO - 📖 Accessing API docs after login...
2025-10-01 22:50:26,594 - INFO - ✅ Successfully accessed API docs
2025-10-01 22:50:26,596 - INFO - ✅ Authenticated API docs saved to api_docs_authenticated.html
2025-10-01 22:50:26,644 - INFO - ✅ Found hex strings: ['026597a5874e435beca826d7be31ac79f88beda7783bc31b359d92b00e56f3a2', '026597a5874e435beca826d7be31ac79f88beda7783bc31b359d92b00e56f3a2', '026597a5874e435beca826d7be31ac79f88beda7783bc31b359d92b00e56f3a2']
2025-10-01 22:50:26,645 - INFO - ✅ Using as API key: 026597a5874e435b...
2025-10-01 22:50:26,645 - INFO - 🧪 Testing API key...
2025-10-01 22:50:26,655 - INFO - ✅ API key works!
2025-10-01 22:50:26,657 - INFO - ✅ API authentication successful!
2025-10-01 22:50:26,658 - INFO - ✅ Credentials saved to config
2025-10-01 22:54:01,139 - INFO - ⏳ Waiting for MobSF to be ready...
2025-10-01 22:54:01,148 - INFO - ✅ MobSF login page is accessible
2025-10-01 22:54:01,149 - INFO - 🔐 Logging in as mobsf...
2025-10-01 22:54:01,158 - INFO - ✅ CSRF token: atMJ9k6ii5F1UdaoAApc...
2025-10-01 22:54:01,953 - INFO - ✅ Login successful! Redirected to API docs
2025-10-01 22:54:01,954 - INFO - ✅ Session cookie: yn9s2pbzfqkkpuntpyxl...
2025-10-01 22:54:01,954 - INFO - 📖 Accessing API docs after login...
2025-10-01 22:54:01,969 - INFO - ✅ Successfully accessed API docs
2025-10-01 22:54:01,971 - INFO - ✅ Authenticated API docs saved to api_docs_authenticated.html
2025-10-01 22:54:02,008 - INFO - ✅ Found hex strings: ['026597a5874e435beca826d7be31ac79f88beda7783bc31b359d92b00e56f3a2', '026597a5874e435beca826d7be31ac79f88beda7783bc31b359d92b00e56f3a2', '026597a5874e435beca826d7be31ac79f88beda7783bc31b359d92b00e56f3a2']
2025-10-01 22:54:02,009 - INFO - ✅ Using as API key: 026597a5874e435b...
2025-10-01 22:54:02,009 - INFO - 🧪 Testing API key...
2025-10-01 22:54:02,019 - INFO - ✅ API key works!
2025-10-01 22:54:02,020 - INFO - ✅ API authentication successful!
2025-10-01 22:54:02,021 - INFO - ✅ Credentials saved to config
2025-10-01 22:54:30,504 - INFO - ⏳ Waiting for MobSF to be ready...
2025-10-01 22:54:30,513 - INFO - ✅ MobSF login page is accessible
2025-10-01 22:54:30,515 - INFO - 🔐 Logging in as mobsf...
2025-10-01 22:54:30,524 - INFO - ✅ CSRF token: 05jY0uObxpVnOqrYRCTK...
2025-10-01 22:54:31,387 - INFO - ✅ Login successful! Redirected to API docs
2025-10-01 22:54:31,388 - INFO - ✅ Session cookie: x6warkbtzetxlfhex28g...
2025-10-01 22:54:31,388 - INFO - 📖 Accessing API docs after login...
2025-10-01 22:54:31,402 - INFO - ✅ Successfully accessed API docs
2025-10-01 22:54:31,404 - INFO - ✅ Authenticated API docs saved to api_docs_authenticated.html
2025-10-01 22:54:31,457 - INFO - ✅ Found hex strings: ['026597a5874e435beca826d7be31ac79f88beda7783bc31b359d92b00e56f3a2', '026597a5874e435beca826d7be31ac79f88beda7783bc31b359d92b00e56f3a2', '026597a5874e435beca826d7be31ac79f88beda7783bc31b359d92b00e56f3a2']
2025-10-01 22:54:31,457 - INFO - ✅ Using as API key: 026597a5874e435b...
2025-10-01 22:54:31,457 - INFO - 🧪 Testing API key...
2025-10-01 22:54:31,469 - INFO - ✅ API key works!
2025-10-01 22:54:31,470 - INFO - ✅ API authentication successful!
2025-10-01 22:54:31,472 - INFO - ✅ Credentials saved to config
2025-10-01 22:57:48,776 - INFO - ⏳ Waiting for MobSF to be ready...
2025-10-01 22:57:48,785 - INFO - ✅ MobSF login page is accessible
2025-10-01 22:57:48,786 - INFO - 🔐 Logging in as mobsf...
2025-10-01 22:57:48,795 - INFO - ✅ CSRF token: 77rnufxSigiDByo8CjwZ...
2025-10-01 22:57:49,591 - INFO - ✅ Login successful! Redirected to API docs
2025-10-01 22:57:49,591 - INFO - ✅ Session cookie: 4aoc6f2qomb4obqcnqz7...
2025-10-01 22:57:49,592 - INFO - 📖 Accessing API docs after login...
2025-10-01 22:57:49,606 - INFO - ✅ Successfully accessed API docs
2025-10-01 22:57:49,608 - INFO - ✅ Authenticated API docs saved to api_docs_authenticated.html
2025-10-01 22:57:49,648 - INFO - ✅ Found hex strings: ['026597a5874e435beca826d7be31ac79f88beda7783bc31b359d92b00e56f3a2', '026597a5874e435beca826d7be31ac79f88beda7783bc31b359d92b00e56f3a2', '026597a5874e435beca826d7be31ac79f88beda7783bc31b359d92b00e56f3a2']
2025-10-01 22:57:49,649 - INFO - ✅ Using as API key: 026597a5874e435b...
2025-10-01 22:57:49,649 - INFO - 🧪 Testing API key...
2025-10-01 22:57:49,658 - INFO - ✅ API key works!
2025-10-01 22:57:49,661 - INFO - ✅ API authentication successful!
2025-10-01 22:57:49,662 - INFO - ✅ Credentials saved to config
2025-10-01 22:58:03,919 - INFO - ⏳ Waiting for MobSF to be ready...
2025-10-01 22:58:03,928 - INFO - ✅ MobSF login page is accessible
2025-10-01 22:58:03,930 - INFO - 🔐 Logging in as mobsf...
2025-10-01 22:58:03,938 - INFO - ✅ CSRF token: pwtKL0UCGC05pns8oZXM...
2025-10-01 22:58:04,742 - INFO - ✅ Login successful! Redirected to API docs
2025-10-01 22:58:04,742 - INFO - ✅ Session cookie: qof3hkvxy88jawe92646...
2025-10-01 22:58:04,742 - INFO - 📖 Accessing API docs after login...
2025-10-01 22:58:04,757 - INFO - ✅ Successfully accessed API docs
2025-10-01 22:58:04,759 - INFO - ✅ Authenticated API docs saved to api_docs_authenticated.html
2025-10-01 22:58:04,809 - INFO - ✅ Found hex strings: ['026597a5874e435beca826d7be31ac79f88beda7783bc31b359d92b00e56f3a2', '026597a5874e435beca826d7be31ac79f88beda7783bc31b359d92b00e56f3a2', '026597a5874e435beca826d7be31ac79f88beda7783bc31b359d92b00e56f3a2']
2025-10-01 22:58:04,810 - INFO - ✅ Using as API key: 026597a5874e435b...
2025-10-01 22:58:04,810 - INFO - 🧪 Testing API key...
2025-10-01 22:58:04,821 - INFO - ✅ API key works!
2025-10-01 22:58:04,822 - INFO - ✅ API authentication successful!
2025-10-01 22:58:04,823 - INFO - ✅ Credentials saved to config
2025-10-01 22:58:52,789 - INFO - ⏳ Waiting for MobSF to be ready...
2025-10-01 22:58:52,798 - INFO - ✅ MobSF login page is accessible
2025-10-01 22:58:52,799 - INFO - 🔐 Logging in as mobsf...
2025-10-01 22:58:52,807 - INFO - ✅ CSRF token: RqODVkIEuy82jHfZ2ppG...
2025-10-01 22:58:53,608 - INFO - ✅ Login successful! Redirected to API docs
2025-10-01 22:58:53,608 - INFO - ✅ Session cookie: 8r1j0ie06fre4mkm26fm...
2025-10-01 22:58:53,609 - INFO - 📖 Accessing API docs after login...
2025-10-01 22:58:53,622 - INFO - ✅ Successfully accessed API docs
2025-10-01 22:58:53,624 - INFO - ✅ Authenticated API docs saved to api_docs_authenticated.html
2025-10-01 22:58:53,662 - INFO - ✅ Found hex strings: ['026597a5874e435beca826d7be31ac79f88beda7783bc31b359d92b00e56f3a2', '026597a5874e435beca826d7be31ac79f88beda7783bc31b359d92b00e56f3a2', '026597a5874e435beca826d7be31ac79f88beda7783bc31b359d92b00e56f3a2']
2025-10-01 22:58:53,662 - INFO - ✅ Using as API key: 026597a5874e435b...
2025-10-01 22:58:53,663 - INFO - 🧪 Testing API key...
2025-10-01 22:58:53,675 - INFO - ✅ API key works!
2025-10-01 22:58:53,678 - INFO - ✅ API authentication successful!
2025-10-01 22:58:53,679 - INFO - ✅ Credentials saved to config
2025-10-01 23:01:53,985 - INFO - ⏳ Waiting for MobSF to be ready...
2025-10-01 23:01:54,017 - INFO - ✅ MobSF login page is accessible
2025-10-01 23:01:54,040 - INFO - 🔐 Logging in as mobsf...
2025-10-01 23:01:54,059 - INFO - ✅ CSRF token: 3foKzBluUQLpIICniG0F...
2025-10-01 23:01:55,668 - INFO - ✅ Login successful! Redirected to API docs
2025-10-01 23:01:55,669 - INFO - ✅ Session cookie: r400r9d1ea8munhrjaq3...
2025-10-01 23:01:55,669 - INFO - 📖 Accessing API docs after login...
2025-10-01 23:01:55,740 - INFO - ✅ Successfully accessed API docs
2025-10-01 23:01:55,743 - INFO - ✅ Authenticated API docs saved to api_docs_authenticated.html
2025-10-01 23:01:55,896 - INFO - ✅ Found hex strings: ['026597a5874e435beca826d7be31ac79f88beda7783bc31b359d92b00e56f3a2', '026597a5874e435beca826d7be31ac79f88beda7783bc31b359d92b00e56f3a2', '026597a5874e435beca826d7be31ac79f88beda7783bc31b359d92b00e56f3a2']
2025-10-01 23:01:55,897 - INFO - ✅ Using as API key: 026597a5874e435b...
2025-10-01 23:01:55,898 - INFO - 🧪 Testing API key...
2025-10-01 23:01:55,920 - INFO - ✅ API key works!
2025-10-01 23:01:55,921 - INFO - ✅ API authentication successful!
2025-10-01 23:01:55,922 - INFO - ✅ Credentials saved to config
2025-10-01 23:02:26,917 - INFO - ⏳ Waiting for MobSF to be ready...
2025-10-01 23:02:26,928 - INFO - ✅ MobSF login page is accessible
2025-10-01 23:02:26,933 - INFO - 🔐 Logging in as mobsf...
2025-10-01 23:02:26,954 - INFO - ✅ CSRF token: 1SIfk5wnvh0zpt2fEX2X...
2025-10-01 23:02:28,507 - INFO - ✅ Login successful! Redirected to API docs
2025-10-01 23:02:28,508 - INFO - ✅ Session cookie: 10xon19q8j2w3u8jkcxu...
2025-10-01 23:02:28,509 - INFO - 📖 Accessing API docs after login...
2025-10-01 23:02:28,533 - INFO - ✅ Successfully accessed API docs
2025-10-01 23:02:28,545 - INFO - ✅ Authenticated API docs saved to api_docs_authenticated.html
2025-10-01 23:02:28,658 - INFO - ✅ Found hex strings: ['026597a5874e435beca826d7be31ac79f88beda7783bc31b359d92b00e56f3a2', '026597a5874e435beca826d7be31ac79f88beda7783bc31b359d92b00e56f3a2', '026597a5874e435beca826d7be31ac79f88beda7783bc31b359d92b00e56f3a2']
2025-10-01 23:02:28,666 - INFO - ✅ Using as API key: 026597a5874e435b...
2025-10-01 23:02:28,666 - INFO - 🧪 Testing API key...
2025-10-01 23:02:28,709 - INFO - ✅ API key works!
2025-10-01 23:02:28,710 - INFO - ✅ API authentication successful!
2025-10-01 23:02:28,711 - INFO - ✅ Credentials saved to config
2025-10-02 07:54:48,308 - INFO - ⏳ Waiting for MobSF to be ready...
2025-10-02 07:54:52,538 - INFO - ✅ MobSF login page is accessible
2025-10-02 07:54:52,539 - INFO - 🔐 Logging in as mobsf...
2025-10-02 07:54:52,548 - INFO - ✅ CSRF token: 8BZyTtV8duoUnf643kAA...
2025-10-02 07:54:53,451 - INFO - ✅ Login successful! Redirected to API docs
2025-10-02 07:54:53,452 - INFO - ✅ Session cookie: 58sp4qao2mmdyxk6c2s8...
2025-10-02 07:54:53,452 - INFO - 📖 Accessing API docs after login...
2025-10-02 07:54:53,465 - INFO - ✅ Successfully accessed API docs
2025-10-02 07:54:53,468 - INFO - ✅ Authenticated API docs saved to api_docs_authenticated.html
2025-10-02 07:54:53,504 - INFO - ✅ Found hex strings: ['b7896f51ce897f24dee64b6b7c774dc157a5e0e7c214f156d50e2a0bb8961c7f', 'b7896f51ce897f24dee64b6b7c774dc157a5e0e7c214f156d50e2a0bb8961c7f', 'b7896f51ce897f24dee64b6b7c774dc157a5e0e7c214f156d50e2a0bb8961c7f']
2025-10-02 07:54:53,504 - INFO - ✅ Using as API key: b7896f51ce897f24...
2025-10-02 07:54:53,505 - INFO - 🧪 Testing API key...
2025-10-02 07:54:53,515 - INFO - ✅ API key works!
2025-10-02 07:54:53,517 - INFO - ✅ API authentication successful!
2025-10-02 07:54:53,519 - INFO - ✅ Credentials saved to config
2025-10-02 07:56:59,415 - INFO - ⏳ Waiting for MobSF to be ready...
2025-10-02 07:56:59,424 - INFO - ✅ MobSF login page is accessible
2025-10-02 07:56:59,425 - INFO - 🔐 Logging in as mobsf...
2025-10-02 07:56:59,434 - INFO - ✅ CSRF token: UCmvlhkHa5AaJeYVDvhV...
2025-10-02 07:57:00,232 - INFO - ✅ Login successful! Redirected to API docs
2025-10-02 07:57:00,233 - INFO - ✅ Session cookie: mb8sdgs9upn0whmqujhw...
2025-10-02 07:57:00,233 - INFO - 📖 Accessing API docs after login...
2025-10-02 07:57:00,248 - INFO - ✅ Successfully accessed API docs
2025-10-02 07:57:00,250 - INFO - ✅ Authenticated API docs saved to api_docs_authenticated.html
2025-10-02 07:57:00,300 - INFO - ✅ Found hex strings: ['b7896f51ce897f24dee64b6b7c774dc157a5e0e7c214f156d50e2a0bb8961c7f', 'b7896f51ce897f24dee64b6b7c774dc157a5e0e7c214f156d50e2a0bb8961c7f', 'b7896f51ce897f24dee64b6b7c774dc157a5e0e7c214f156d50e2a0bb8961c7f']
2025-10-02 07:57:00,300 - INFO - ✅ Using as API key: b7896f51ce897f24...
2025-10-02 07:57:00,300 - INFO - 🧪 Testing API key...
2025-10-02 07:57:00,311 - INFO - ✅ API key works!
2025-10-02 07:57:00,313 - INFO - ✅ API authentication successful!
2025-10-02 07:57:00,314 - INFO - ✅ Credentials saved to config
2025-10-02 07:57:25,262 - INFO - ⏳ Waiting for MobSF to be ready...
2025-10-02 07:57:25,270 - INFO - ✅ MobSF login page is accessible
2025-10-02 07:57:25,270 - INFO - 🔐 Logging in as mobsf...
2025-10-02 07:57:25,278 - INFO - ✅ CSRF token: ILRizfsOPILYuLs1lgWo...
2025-10-02 07:57:26,077 - INFO - ✅ Login successful! Redirected to API docs
2025-10-02 07:57:26,078 - INFO - ✅ Session cookie: e1rctje7w9sresbb20ip...
2025-10-02 07:57:26,078 - INFO - 📖 Accessing API docs after login...
2025-10-02 07:57:26,092 - INFO - ✅ Successfully accessed API docs
2025-10-02 07:57:26,094 - INFO - ✅ Authenticated API docs saved to api_docs_authenticated.html
2025-10-02 07:57:26,145 - INFO - ✅ Found hex strings: ['b7896f51ce897f24dee64b6b7c774dc157a5e0e7c214f156d50e2a0bb8961c7f', 'b7896f51ce897f24dee64b6b7c774dc157a5e0e7c214f156d50e2a0bb8961c7f', 'b7896f51ce897f24dee64b6b7c774dc157a5e0e7c214f156d50e2a0bb8961c7f']
2025-10-02 07:57:26,145 - INFO - ✅ Using as API key: b7896f51ce897f24...
2025-10-02 07:57:26,146 - INFO - 🧪 Testing API key...
2025-10-02 07:57:26,156 - INFO - ✅ API key works!
2025-10-02 07:57:26,157 - INFO - ✅ API authentication successful!
2025-10-02 07:57:26,158 - INFO - ✅ Credentials saved to config
2025-10-02 08:00:19,728 - INFO - ⏳ Waiting for MobSF to be ready...
2025-10-02 08:00:19,737 - INFO - ✅ MobSF login page is accessible
2025-10-02 08:00:19,738 - INFO - 🔐 Logging in as mobsf...
2025-10-02 08:00:19,746 - INFO - ✅ CSRF token: qdKk6xqKwrHwfwPCsrv6...
2025-10-02 08:00:20,727 - INFO - ✅ Login successful! Redirected to API docs
2025-10-02 08:00:20,728 - INFO - ✅ Session cookie: sncagrg0r1azvw6lev6f...
2025-10-02 08:00:20,728 - INFO - 📖 Accessing API docs after login...
2025-10-02 08:00:20,742 - INFO - ✅ Successfully accessed API docs
2025-10-02 08:00:20,744 - INFO - ✅ Authenticated API docs saved to api_docs_authenticated.html
2025-10-02 08:00:20,780 - INFO - ✅ Found hex strings: ['b7896f51ce897f24dee64b6b7c774dc157a5e0e7c214f156d50e2a0bb8961c7f', 'b7896f51ce897f24dee64b6b7c774dc157a5e0e7c214f156d50e2a0bb8961c7f', 'b7896f51ce897f24dee64b6b7c774dc157a5e0e7c214f156d50e2a0bb8961c7f']
2025-10-02 08:00:20,780 - INFO - ✅ Using as API key: b7896f51ce897f24...
2025-10-02 08:00:20,781 - INFO - 🧪 Testing API key...
2025-10-02 08:00:20,791 - INFO - ✅ API key works!
2025-10-02 08:00:20,792 - INFO - ✅ API authentication successful!
2025-10-02 08:00:20,794 - INFO - ✅ Credentials saved to config
2025-10-02 08:02:34,531 - INFO - ⏳ Waiting for MobSF to be ready...
2025-10-02 08:02:34,539 - INFO - ✅ MobSF login page is accessible
2025-10-02 08:02:34,540 - INFO - 🔐 Logging in as mobsf...
2025-10-02 08:02:34,549 - INFO - ✅ CSRF token: SOW5OeQTu1GROmgqK7NZ...
2025-10-02 08:02:35,341 - INFO - ✅ Login successful! Redirected to API docs
2025-10-02 08:02:35,341 - INFO - ✅ Session cookie: outgpmys70ap2qyxpozf...
2025-10-02 08:02:35,342 - INFO - 📖 Accessing API docs after login...
2025-10-02 08:02:35,355 - INFO - ✅ Successfully accessed API docs
2025-10-02 08:02:35,358 - INFO - ✅ Authenticated API docs saved to api_docs_authenticated.html
2025-10-02 08:02:35,394 - INFO - ✅ Found hex strings: ['b7896f51ce897f24dee64b6b7c774dc157a5e0e7c214f156d50e2a0bb8961c7f', 'b7896f51ce897f24dee64b6b7c774dc157a5e0e7c214f156d50e2a0bb8961c7f', 'b7896f51ce897f24dee64b6b7c774dc157a5e0e7c214f156d50e2a0bb8961c7f']
2025-10-02 08:02:35,395 - INFO - ✅ Using as API key: b7896f51ce897f24...
2025-10-02 08:02:35,395 - INFO - 🧪 Testing API key...
2025-10-02 08:02:35,404 - INFO - ✅ API key works!
2025-10-02 08:02:35,404 - INFO - ✅ API authentication successful!
2025-10-02 08:02:35,406 - INFO - ✅ Credentials saved to config
2025-10-02 08:04:24,187 - INFO - ⏳ Waiting for MobSF to be ready...
2025-10-02 08:04:24,197 - INFO - ✅ MobSF login page is accessible
2025-10-02 08:04:24,198 - INFO - 🔐 Logging in as mobsf...
2025-10-02 08:04:24,207 - INFO - ✅ CSRF token: EZJq0u140U60xmpPtIhL...
2025-10-02 08:04:25,001 - INFO - ✅ Login successful! Redirected to API docs
2025-10-02 08:04:25,002 - INFO - ✅ Session cookie: deotg9br98igwutr2grs...
2025-10-02 08:04:25,002 - INFO - 📖 Accessing API docs after login...
2025-10-02 08:04:25,017 - INFO - ✅ Successfully accessed API docs
2025-10-02 08:04:25,020 - INFO - ✅ Authenticated API docs saved to api_docs_authenticated.html
2025-10-02 08:04:25,062 - INFO - ✅ Found hex strings: ['b7896f51ce897f24dee64b6b7c774dc157a5e0e7c214f156d50e2a0bb8961c7f', 'b7896f51ce897f24dee64b6b7c774dc157a5e0e7c214f156d50e2a0bb8961c7f', 'b7896f51ce897f24dee64b6b7c774dc157a5e0e7c214f156d50e2a0bb8961c7f']
2025-10-02 08:04:25,063 - INFO - ✅ Using as API key: b7896f51ce897f24...
2025-10-02 08:04:25,063 - INFO - 🧪 Testing API key...
2025-10-02 08:04:25,076 - INFO - ✅ API key works!
2025-10-02 08:04:25,078 - INFO - ✅ API authentication successful!
2025-10-02 08:04:25,079 - INFO - ✅ Credentials saved to config
2025-10-02 08:04:57,045 - INFO - ⏳ Waiting for MobSF to be ready...
2025-10-02 08:04:57,053 - INFO - ✅ MobSF login page is accessible
2025-10-02 08:04:57,054 - INFO - 🔐 Logging in as mobsf...
2025-10-02 08:04:57,070 - INFO - ✅ CSRF token: df7CDoI7ZkX2LNsGINdW...
2025-10-02 08:04:58,049 - INFO - ✅ Login successful! Redirected to API docs
2025-10-02 08:04:58,051 - INFO - ✅ Session cookie: hcha9wtuek1pz2zmwpu2...
2025-10-02 08:04:58,051 - INFO - 📖 Accessing API docs after login...
2025-10-02 08:04:58,064 - INFO - ✅ Successfully accessed API docs
2025-10-02 08:04:58,066 - INFO - ✅ Authenticated API docs saved to api_docs_authenticated.html
2025-10-02 08:04:58,113 - INFO - ✅ Found hex strings: ['b7896f51ce897f24dee64b6b7c774dc157a5e0e7c214f156d50e2a0bb8961c7f', 'b7896f51ce897f24dee64b6b7c774dc157a5e0e7c214f156d50e2a0bb8961c7f', 'b7896f51ce897f24dee64b6b7c774dc157a5e0e7c214f156d50e2a0bb8961c7f']
2025-10-02 08:04:58,114 - INFO - ✅ Using as API key: b7896f51ce897f24...
2025-10-02 08:04:58,114 - INFO - 🧪 Testing API key...
2025-10-02 08:04:58,126 - INFO - ✅ API key works!
2025-10-02 08:04:58,127 - INFO - ✅ API authentication successful!
2025-10-02 08:04:58,129 - INFO - ✅ Credentials saved to config
2025-10-02 08:05:12,705 - INFO - ⏳ Waiting for MobSF to be ready...
2025-10-02 08:05:12,713 - INFO - ✅ MobSF login page is accessible
2025-10-02 08:05:12,715 - INFO - 🔐 Logging in as mobsf...
2025-10-02 08:05:12,722 - INFO - ✅ CSRF token: saqYGo9MFpjwIY0mYVUz...
2025-10-02 08:05:13,726 - INFO - ✅ Login successful! Redirected to API docs
2025-10-02 08:05:13,726 - INFO - ✅ Session cookie: 14or9rvwzn7bguw8jgbt...
2025-10-02 08:05:13,727 - INFO - 📖 Accessing API docs after login...
2025-10-02 08:05:13,743 - INFO - ✅ Successfully accessed API docs
2025-10-02 08:05:13,745 - INFO - ✅ Authenticated API docs saved to api_docs_authenticated.html
2025-10-02 08:05:13,798 - INFO - ✅ Found hex strings: ['b7896f51ce897f24dee64b6b7c774dc157a5e0e7c214f156d50e2a0bb8961c7f', 'b7896f51ce897f24dee64b6b7c774dc157a5e0e7c214f156d50e2a0bb8961c7f', 'b7896f51ce897f24dee64b6b7c774dc157a5e0e7c214f156d50e2a0bb8961c7f']
2025-10-02 08:05:13,799 - INFO - ✅ Using as API key: b7896f51ce897f24...
2025-10-02 08:05:13,800 - INFO - 🧪 Testing API key...
2025-10-02 08:05:13,840 - INFO - ✅ API key works!
2025-10-02 08:05:13,841 - INFO - ✅ API authentication successful!
2025-10-02 08:05:13,841 - INFO - ✅ Credentials saved to config
2025-10-02 08:06:23,621 - INFO - ⏳ Waiting for MobSF to be ready...
2025-10-02 08:06:23,630 - INFO - ✅ MobSF login page is accessible
2025-10-02 08:06:23,631 - INFO - 🔐 Logging in as mobsf...
2025-10-02 08:06:23,639 - INFO - ✅ CSRF token: 1MK12Ub8kAeCf0czVcPl...
2025-10-02 08:06:24,432 - INFO - ✅ Login successful! Redirected to API docs
2025-10-02 08:06:24,433 - INFO - ✅ Session cookie: afydy018afasokv3nh46...
2025-10-02 08:06:24,434 - INFO - 📖 Accessing API docs after login...
2025-10-02 08:06:24,448 - INFO - ✅ Successfully accessed API docs
2025-10-02 08:06:24,450 - INFO - ✅ Authenticated API docs saved to api_docs_authenticated.html
2025-10-02 08:06:24,486 - INFO - ✅ Found hex strings: ['b7896f51ce897f24dee64b6b7c774dc157a5e0e7c214f156d50e2a0bb8961c7f', 'b7896f51ce897f24dee64b6b7c774dc157a5e0e7c214f156d50e2a0bb8961c7f', 'b7896f51ce897f24dee64b6b7c774dc157a5e0e7c214f156d50e2a0bb8961c7f']
2025-10-02 08:06:24,487 - INFO - ✅ Using as API key: b7896f51ce897f24...
2025-10-02 08:06:24,487 - INFO - 🧪 Testing API key...
2025-10-02 08:06:24,497 - INFO - ✅ API key works!
2025-10-02 08:06:24,498 - INFO - ✅ API authentication successful!
2025-10-02 08:06:24,499 - INFO - ✅ Credentials saved to config
2025-10-02 08:06:39,754 - INFO - ⏳ Waiting for MobSF to be ready...
2025-10-02 08:06:39,762 - INFO - ✅ MobSF login page is accessible
2025-10-02 08:06:39,763 - INFO - 🔐 Logging in as mobsf...
2025-10-02 08:06:39,772 - INFO - ✅ CSRF token: ItjZ95Ejs8zLSaudDL8B...
2025-10-02 08:06:40,567 - INFO - ✅ Login successful! Redirected to API docs
2025-10-02 08:06:40,567 - INFO - ✅ Session cookie: frjyeamb5i9dte388p2s...
2025-10-02 08:06:40,568 - INFO - 📖 Accessing API docs after login...
2025-10-02 08:06:40,581 - INFO - ✅ Successfully accessed API docs
2025-10-02 08:06:40,584 - INFO - ✅ Authenticated API docs saved to api_docs_authenticated.html
2025-10-02 08:06:40,625 - INFO - ✅ Found hex strings: ['b7896f51ce897f24dee64b6b7c774dc157a5e0e7c214f156d50e2a0bb8961c7f', 'b7896f51ce897f24dee64b6b7c774dc157a5e0e7c214f156d50e2a0bb8961c7f', 'b7896f51ce897f24dee64b6b7c774dc157a5e0e7c214f156d50e2a0bb8961c7f']
2025-10-02 08:06:40,625 - INFO - ✅ Using as API key: b7896f51ce897f24...
2025-10-02 08:06:40,626 - INFO - 🧪 Testing API key...
2025-10-02 08:06:40,634 - INFO - ✅ API key works!
2025-10-02 08:06:40,635 - INFO - ✅ API authentication successful!
2025-10-02 08:06:40,636 - INFO - ✅ Credentials saved to config
2025-10-02 08:10:23,815 - INFO - ⏳ Waiting for MobSF to be ready...
2025-10-02 08:10:23,825 - INFO - ✅ MobSF login page is accessible
2025-10-02 08:10:23,827 - INFO - 🔐 Logging in as mobsf...
2025-10-02 08:10:23,836 - INFO - ✅ CSRF token: WYZhOaOWwqonvzOEBvXo...
2025-10-02 08:10:24,634 - INFO - ✅ Login successful! Redirected to API docs
2025-10-02 08:10:24,635 - INFO - ✅ Session cookie: fse22jc391jqwpjsaom4...
2025-10-02 08:10:24,635 - INFO - 📖 Accessing API docs after login...
2025-10-02 08:10:24,649 - INFO - ✅ Successfully accessed API docs
2025-10-02 08:10:24,652 - INFO - ✅ Authenticated API docs saved to api_docs_authenticated.html
2025-10-02 08:10:24,693 - INFO - ✅ Found hex strings: ['b7896f51ce897f24dee64b6b7c774dc157a5e0e7c214f156d50e2a0bb8961c7f', 'b7896f51ce897f24dee64b6b7c774dc157a5e0e7c214f156d50e2a0bb8961c7f', 'b7896f51ce897f24dee64b6b7c774dc157a5e0e7c214f156d50e2a0bb8961c7f']
2025-10-02 08:10:24,693 - INFO - ✅ Using as API key: b7896f51ce897f24...
2025-10-02 08:10:24,694 - INFO - 🧪 Testing API key...
2025-10-02 08:10:24,703 - INFO - ✅ API key works!
2025-10-02 08:10:24,704 - INFO - ✅ API authentication successful!
2025-10-02 08:10:24,705 - INFO - ✅ Credentials saved to config
2025-10-02 08:55:25,860 - INFO - ⏳ Waiting for MobSF to be ready...
2025-10-02 08:55:25,869 - INFO - ✅ MobSF login page is accessible
2025-10-02 08:55:25,870 - INFO - 🔐 Logging in as mobsf...
2025-10-02 08:55:25,878 - INFO - ✅ CSRF token: zstEn1JW4fTYjLZsPh45...
2025-10-02 08:55:26,671 - INFO - ✅ Login successful! Redirected to API docs
2025-10-02 08:55:26,672 - INFO - ✅ Session cookie: edqxt98p5vcdgtvh1xsh...
2025-10-02 08:55:26,672 - INFO - 📖 Accessing API docs after login...
2025-10-02 08:55:26,685 - INFO - ✅ Successfully accessed API docs
2025-10-02 08:55:26,687 - INFO - ✅ Authenticated API docs saved to api_docs_authenticated.html
2025-10-02 08:55:26,735 - INFO - ✅ Found hex strings: ['b7896f51ce897f24dee64b6b7c774dc157a5e0e7c214f156d50e2a0bb8961c7f', 'b7896f51ce897f24dee64b6b7c774dc157a5e0e7c214f156d50e2a0bb8961c7f', 'b7896f51ce897f24dee64b6b7c774dc157a5e0e7c214f156d50e2a0bb8961c7f']
2025-10-02 08:55:26,735 - INFO - ✅ Using as API key: b7896f51ce897f24...
2025-10-02 08:55:26,736 - INFO - 🧪 Testing API key...
2025-10-02 08:55:26,745 - INFO - ✅ API key works!
2025-10-02 08:55:26,745 - INFO - ✅ API authentication successful!
2025-10-02 08:55:26,748 - INFO - ✅ Credentials saved to config
2025-10-02 09:00:38,005 - INFO - ⏳ Waiting for MobSF to be ready...
2025-10-02 09:00:38,014 - INFO - ✅ MobSF login page is accessible
2025-10-02 09:00:38,016 - INFO - 🔐 Logging in as mobsf...
2025-10-02 09:00:38,023 - INFO - ✅ CSRF token: cJGhGcnItfzjDiucc26r...
2025-10-02 09:00:38,814 - INFO - ✅ Login successful! Redirected to API docs
2025-10-02 09:00:38,815 - INFO - ✅ Session cookie: 1i649iymrol595pf2172...
2025-10-02 09:00:38,815 - INFO - 📖 Accessing API docs after login...
2025-10-02 09:00:38,829 - INFO - ✅ Successfully accessed API docs
2025-10-02 09:00:38,832 - INFO - ✅ Authenticated API docs saved to api_docs_authenticated.html
2025-10-02 09:00:38,870 - INFO - ✅ Found hex strings: ['b7896f51ce897f24dee64b6b7c774dc157a5e0e7c214f156d50e2a0bb8961c7f', 'b7896f51ce897f24dee64b6b7c774dc157a5e0e7c214f156d50e2a0bb8961c7f', 'b7896f51ce897f24dee64b6b7c774dc157a5e0e7c214f156d50e2a0bb8961c7f']
2025-10-02 09:00:38,871 - INFO - ✅ Using as API key: b7896f51ce897f24...
2025-10-02 09:00:38,873 - INFO - 🧪 Testing API key...
2025-10-02 09:00:38,884 - INFO - ✅ API key works!
2025-10-02 09:00:38,885 - INFO - ✅ API authentication successful!
2025-10-02 09:00:38,886 - INFO - ✅ Credentials saved to config
2025-10-02 09:00:57,770 - INFO - ⏳ Waiting for MobSF to be ready...
2025-10-02 09:00:57,778 - INFO - ✅ MobSF login page is accessible
2025-10-02 09:00:57,779 - INFO - 🔐 Logging in as mobsf...
2025-10-02 09:00:57,787 - INFO - ✅ CSRF token: aYgGjh9XnahrmhupPZ4V...
2025-10-02 09:00:58,604 - INFO - ✅ Login successful! Redirected to API docs
2025-10-02 09:00:58,605 - INFO - ✅ Session cookie: nh6xq1977ijlnenjn5xm...
2025-10-02 09:00:58,605 - INFO - 📖 Accessing API docs after login...
2025-10-02 09:00:58,620 - INFO - ✅ Successfully accessed API docs
2025-10-02 09:00:58,622 - INFO - ✅ Authenticated API docs saved to api_docs_authenticated.html
2025-10-02 09:00:58,665 - INFO - ✅ Found hex strings: ['b7896f51ce897f24dee64b6b7c774dc157a5e0e7c214f156d50e2a0bb8961c7f', 'b7896f51ce897f24dee64b6b7c774dc157a5e0e7c214f156d50e2a0bb8961c7f', 'b7896f51ce897f24dee64b6b7c774dc157a5e0e7c214f156d50e2a0bb8961c7f']
2025-10-02 09:00:58,665 - INFO - ✅ Using as API key: b7896f51ce897f24...
2025-10-02 09:00:58,665 - INFO - 🧪 Testing API key...
2025-10-02 09:00:58,677 - INFO - ✅ API key works!
2025-10-02 09:00:58,679 - INFO - ✅ API authentication successful!
2025-10-02 09:00:58,680 - INFO - ✅ Credentials saved to config
2025-10-02 09:01:17,524 - INFO - ⏳ Waiting for MobSF to be ready...
2025-10-02 09:01:17,533 - INFO - ✅ MobSF login page is accessible
2025-10-02 09:01:17,534 - INFO - 🔐 Logging in as mobsf...
2025-10-02 09:01:17,544 - INFO - ✅ CSRF token: n5PaKKclOVJGc8UwRQNc...
2025-10-02 09:01:18,349 - INFO - ✅ Login successful! Redirected to API docs
2025-10-02 09:01:18,349 - INFO - ✅ Session cookie: crwwcb77xs29wrxt8loh...
2025-10-02 09:01:18,350 - INFO - 📖 Accessing API docs after login...
2025-10-02 09:01:18,379 - INFO - ✅ Successfully accessed API docs
2025-10-02 09:01:18,384 - INFO - ✅ Authenticated API docs saved to api_docs_authenticated.html
2025-10-02 09:01:18,510 - INFO - ✅ Found hex strings: ['b7896f51ce897f24dee64b6b7c774dc157a5e0e7c214f156d50e2a0bb8961c7f', 'b7896f51ce897f24dee64b6b7c774dc157a5e0e7c214f156d50e2a0bb8961c7f', 'b7896f51ce897f24dee64b6b7c774dc157a5e0e7c214f156d50e2a0bb8961c7f']
2025-10-02 09:01:18,518 - INFO - ✅ Using as API key: b7896f51ce897f24...
2025-10-02 09:01:18,519 - INFO - 🧪 Testing API key...
2025-10-02 09:01:18,536 - INFO - ✅ API key works!
2025-10-02 09:01:18,544 - INFO - ✅ API authentication successful!
2025-10-02 09:01:18,549 - INFO - ✅ Credentials saved to config
2025-10-02 09:03:07,672 - INFO - ⏳ Waiting for MobSF to be ready...
2025-10-02 09:03:07,681 - INFO - ✅ MobSF login page is accessible
2025-10-02 09:03:07,683 - INFO - 🔐 Logging in as mobsf...
2025-10-02 09:03:07,691 - INFO - ✅ CSRF token: PSdodphR8xjeZuGI2DbR...
2025-10-02 09:03:08,481 - INFO - ✅ Login successful! Redirected to API docs
2025-10-02 09:03:08,482 - INFO - ✅ Session cookie: gs4dx2nbwv5hfeaqzr9t...
2025-10-02 09:03:08,482 - INFO - 📖 Accessing API docs after login...
2025-10-02 09:03:08,495 - INFO - ✅ Successfully accessed API docs
2025-10-02 09:03:08,497 - INFO - ✅ Authenticated API docs saved to api_docs_authenticated.html
2025-10-02 09:03:08,541 - INFO - ✅ Found hex strings: ['b7896f51ce897f24dee64b6b7c774dc157a5e0e7c214f156d50e2a0bb8961c7f', 'b7896f51ce897f24dee64b6b7c774dc157a5e0e7c214f156d50e2a0bb8961c7f', 'b7896f51ce897f24dee64b6b7c774dc157a5e0e7c214f156d50e2a0bb8961c7f']
2025-10-02 09:03:08,541 - INFO - ✅ Using as API key: b7896f51ce897f24...
2025-10-02 09:03:08,542 - INFO - 🧪 Testing API key...
2025-10-02 09:03:08,551 - INFO - ✅ API key works!
2025-10-02 09:03:08,552 - INFO - ✅ API authentication successful!
2025-10-02 09:03:08,554 - INFO - ✅ Credentials saved to config
2025-10-02 09:03:11,534 - INFO - ⏳ Waiting for MobSF to be ready...
2025-10-02 09:03:11,543 - INFO - ✅ MobSF login page is accessible
2025-10-02 09:03:11,543 - INFO - 🔐 Logging in as mobsf...
2025-10-02 09:03:11,552 - INFO - ✅ CSRF token: iPLxH3JuMa7i4Dsw1Nb8...
2025-10-02 09:03:12,340 - INFO - ✅ Login successful! Redirected to API docs
2025-10-02 09:03:12,341 - INFO - ✅ Session cookie: t2c2puvdg60dbsjv5zll...
2025-10-02 09:03:12,341 - INFO - 📖 Accessing API docs after login...
2025-10-02 09:03:12,354 - INFO - ✅ Successfully accessed API docs
2025-10-02 09:03:12,356 - INFO - ✅ Authenticated API docs saved to api_docs_authenticated.html
2025-10-02 09:03:12,397 - INFO - ✅ Found hex strings: ['b7896f51ce897f24dee64b6b7c774dc157a5e0e7c214f156d50e2a0bb8961c7f', 'b7896f51ce897f24dee64b6b7c774dc157a5e0e7c214f156d50e2a0bb8961c7f', 'b7896f51ce897f24dee64b6b7c774dc157a5e0e7c214f156d50e2a0bb8961c7f']
2025-10-02 09:03:12,397 - INFO - ✅ Using as API key: b7896f51ce897f24...
2025-10-02 09:03:12,398 - INFO - 🧪 Testing API key...
2025-10-02 09:03:12,408 - INFO - ✅ API key works!
2025-10-02 09:03:12,409 - INFO - ✅ API authentication successful!
2025-10-02 09:03:12,413 - INFO - ✅ Credentials saved to config
2025-10-02 09:05:09,648 - INFO - ⏳ Waiting for MobSF to be ready...
2025-10-02 09:05:09,656 - INFO - ✅ MobSF login page is accessible
2025-10-02 09:05:09,658 - INFO - 🔐 Logging in as mobsf...
2025-10-02 09:05:09,666 - INFO - ✅ CSRF token: 8WjIwl7tAehuGBZtrB7L...
2025-10-02 09:05:10,460 - INFO - ✅ Login successful! Redirected to API docs
2025-10-02 09:05:10,461 - INFO - ✅ Session cookie: 6i89414ho9chrzkqkcnz...
2025-10-02 09:05:10,461 - INFO - 📖 Accessing API docs after login...
2025-10-02 09:05:10,477 - INFO - ✅ Successfully accessed API docs
2025-10-02 09:05:10,481 - INFO - ✅ Authenticated API docs saved to api_docs_authenticated.html
2025-10-02 09:05:10,526 - INFO - ✅ Found hex strings: ['b7896f51ce897f24dee64b6b7c774dc157a5e0e7c214f156d50e2a0bb8961c7f', 'b7896f51ce897f24dee64b6b7c774dc157a5e0e7c214f156d50e2a0bb8961c7f', 'b7896f51ce897f24dee64b6b7c774dc157a5e0e7c214f156d50e2a0bb8961c7f']
2025-10-02 09:05:10,526 - INFO - ✅ Using as API key: b7896f51ce897f24...
2025-10-02 09:05:10,526 - INFO - 🧪 Testing API key...
2025-10-02 09:05:10,536 - INFO - ✅ API key works!
2025-10-02 09:05:10,537 - INFO - ✅ API authentication successful!
2025-10-02 09:05:10,539 - INFO - ✅ Credentials saved to config
2025-10-02 09:06:19,736 - INFO - ⏳ Waiting for MobSF to be ready...
2025-10-02 09:06:19,745 - INFO - ✅ MobSF login page is accessible
2025-10-02 09:06:19,746 - INFO - 🔐 Logging in as mobsf...
2025-10-02 09:06:19,754 - INFO - ✅ CSRF token: KSRpfxB8TYLYT8cLDJg4...
2025-10-02 09:06:20,545 - INFO - ✅ Login successful! Redirected to API docs
2025-10-02 09:06:20,545 - INFO - ✅ Session cookie: sq8avk90513dwqnjed1f...
2025-10-02 09:06:20,546 - INFO - 📖 Accessing API docs after login...
2025-10-02 09:06:20,560 - INFO - ✅ Successfully accessed API docs
2025-10-02 09:06:20,563 - INFO - ✅ Authenticated API docs saved to api_docs_authenticated.html
2025-10-02 09:06:20,601 - INFO - ✅ Found hex strings: ['b7896f51ce897f24dee64b6b7c774dc157a5e0e7c214f156d50e2a0bb8961c7f', 'b7896f51ce897f24dee64b6b7c774dc157a5e0e7c214f156d50e2a0bb8961c7f', 'b7896f51ce897f24dee64b6b7c774dc157a5e0e7c214f156d50e2a0bb8961c7f']
2025-10-02 09:06:20,602 - INFO - ✅ Using as API key: b7896f51ce897f24...
2025-10-02 09:06:20,602 - INFO - 🧪 Testing API key...
2025-10-02 09:06:20,613 - INFO - ✅ API key works!
2025-10-02 09:06:20,614 - INFO - ✅ API authentication successful!
2025-10-02 09:06:20,616 - INFO - ✅ Credentials saved to config
2025-10-02 09:06:39,794 - INFO - ⏳ Waiting for MobSF to be ready...
2025-10-02 09:06:39,803 - INFO - ✅ MobSF login page is accessible
2025-10-02 09:06:39,803 - INFO - 🔐 Logging in as mobsf...
2025-10-02 09:06:39,812 - INFO - ✅ CSRF token: iXaT2L6hSXnPufagZtci...
2025-10-02 09:06:40,604 - INFO - ✅ Login successful! Redirected to API docs
2025-10-02 09:06:40,605 - INFO - ✅ Session cookie: 4d6hm8bpof6aa432h528...
2025-10-02 09:06:40,605 - INFO - 📖 Accessing API docs after login...
2025-10-02 09:06:40,618 - INFO - ✅ Successfully accessed API docs
2025-10-02 09:06:40,620 - INFO - ✅ Authenticated API docs saved to api_docs_authenticated.html
2025-10-02 09:06:40,658 - INFO - ✅ Found hex strings: ['b7896f51ce897f24dee64b6b7c774dc157a5e0e7c214f156d50e2a0bb8961c7f', 'b7896f51ce897f24dee64b6b7c774dc157a5e0e7c214f156d50e2a0bb8961c7f', 'b7896f51ce897f24dee64b6b7c774dc157a5e0e7c214f156d50e2a0bb8961c7f']
2025-10-02 09:06:40,659 - INFO - ✅ Using as API key: b7896f51ce897f24...
2025-10-02 09:06:40,659 - INFO - 🧪 Testing API key...
2025-10-02 09:06:40,670 - INFO - ✅ API key works!
2025-10-02 09:06:40,670 - INFO - ✅ API authentication successful!
2025-10-02 09:06:40,672 - INFO - ✅ Credentials saved to config
2025-10-02 09:06:47,576 - INFO - ⏳ Waiting for MobSF to be ready...
2025-10-02 09:06:47,585 - INFO - ✅ MobSF login page is accessible
2025-10-02 09:06:47,585 - INFO - 🔐 Logging in as mobsf...
2025-10-02 09:06:47,594 - INFO - ✅ CSRF token: LTqjBprTBP1Lam15fjsU...
2025-10-02 09:06:48,388 - INFO - ✅ Login successful! Redirected to API docs
2025-10-02 09:06:48,388 - INFO - ✅ Session cookie: mn5q6wkc11p9gox889ci...
2025-10-02 09:06:48,388 - INFO - 📖 Accessing API docs after login...
2025-10-02 09:06:48,402 - INFO - ✅ Successfully accessed API docs
2025-10-02 09:06:48,404 - INFO - ✅ Authenticated API docs saved to api_docs_authenticated.html
2025-10-02 09:06:48,445 - INFO - ✅ Found hex strings: ['b7896f51ce897f24dee64b6b7c774dc157a5e0e7c214f156d50e2a0bb8961c7f', 'b7896f51ce897f24dee64b6b7c774dc157a5e0e7c214f156d50e2a0bb8961c7f', 'b7896f51ce897f24dee64b6b7c774dc157a5e0e7c214f156d50e2a0bb8961c7f']
2025-10-02 09:06:48,446 - INFO - ✅ Using as API key: b7896f51ce897f24...
2025-10-02 09:06:48,446 - INFO - 🧪 Testing API key...
2025-10-02 09:06:48,455 - INFO - ✅ API key works!
2025-10-02 09:06:48,458 - INFO - ✅ API authentication successful!
2025-10-02 09:06:48,460 - INFO - ✅ Credentials saved to config
2025-10-02 09:07:21,943 - INFO - ⏳ Waiting for MobSF to be ready...
2025-10-02 09:07:21,952 - INFO - ✅ MobSF login page is accessible
2025-10-02 09:07:21,952 - INFO - 🔐 Logging in as mobsf...
2025-10-02 09:07:21,960 - INFO - ✅ CSRF token: zo7vO25KuGQfQujXrLUl...
2025-10-02 09:07:22,752 - INFO - ✅ Login successful! Redirected to API docs
2025-10-02 09:07:22,753 - INFO - ✅ Session cookie: u594o82f1ds5h72zvewb...
2025-10-02 09:07:22,754 - INFO - 📖 Accessing API docs after login...
2025-10-02 09:07:22,767 - INFO - ✅ Successfully accessed API docs
2025-10-02 09:07:22,770 - INFO - ✅ Authenticated API docs saved to api_docs_authenticated.html
2025-10-02 09:07:22,807 - INFO - ✅ Found hex strings: ['b7896f51ce897f24dee64b6b7c774dc157a5e0e7c214f156d50e2a0bb8961c7f', 'b7896f51ce897f24dee64b6b7c774dc157a5e0e7c214f156d50e2a0bb8961c7f', 'b7896f51ce897f24dee64b6b7c774dc157a5e0e7c214f156d50e2a0bb8961c7f']
2025-10-02 09:07:22,807 - INFO - ✅ Using as API key: b7896f51ce897f24...
2025-10-02 09:07:22,808 - INFO - 🧪 Testing API key...
2025-10-02 09:07:22,817 - INFO - ✅ API key works!
2025-10-02 09:07:22,818 - INFO - ✅ API authentication successful!
2025-10-02 09:07:22,819 - INFO - ✅ Credentials saved to config
2025-10-02 09:27:47,995 - INFO - ⏳ Waiting for MobSF to be ready...
2025-10-02 09:27:48,038 - INFO - ✅ MobSF login page is accessible
2025-10-02 09:27:48,039 - INFO - 🔐 Logging in as mobsf...
2025-10-02 09:27:48,061 - INFO - ✅ CSRF token: cfwXJt8FCuceYtwcgMQr...
2025-10-02 09:27:49,180 - INFO - ✅ Login successful! Redirected to API docs
2025-10-02 09:27:49,180 - INFO - ✅ Session cookie: 0jnkghywedp2o42uyk88...
2025-10-02 09:27:49,181 - INFO - 📖 Accessing API docs after login...
2025-10-02 09:27:49,233 - INFO - ✅ Successfully accessed API docs
2025-10-02 09:27:49,238 - INFO - ✅ Authenticated API docs saved to api_docs_authenticated.html
2025-10-02 09:27:49,338 - INFO - ✅ Found hex strings: ['b7896f51ce897f24dee64b6b7c774dc157a5e0e7c214f156d50e2a0bb8961c7f', 'b7896f51ce897f24dee64b6b7c774dc157a5e0e7c214f156d50e2a0bb8961c7f', 'b7896f51ce897f24dee64b6b7c774dc157a5e0e7c214f156d50e2a0bb8961c7f']
2025-10-02 09:27:49,338 - INFO - ✅ Using as API key: b7896f51ce897f24...
2025-10-02 09:27:49,338 - INFO - 🧪 Testing API key...
2025-10-02 09:27:49,356 - INFO - ✅ API key works!
2025-10-02 09:27:49,357 - INFO - ✅ API authentication successful!
2025-10-02 09:27:49,364 - INFO - ✅ Credentials saved to config
2025-10-02 09:47:54,107 - INFO - ⏳ Waiting for MobSF to be ready...
2025-10-02 09:47:54,257 - INFO - ✅ MobSF login page is accessible
2025-10-02 09:47:54,258 - INFO - 🔐 Logging in as mobsf...
2025-10-02 09:47:54,299 - INFO - ✅ CSRF token: aehxgpeQ3v17NgAxaQ82...
2025-10-02 09:47:57,214 - INFO - ✅ Login successful! Redirected to API docs
2025-10-02 09:47:57,214 - INFO - ✅ Session cookie: gpcw2br5naesbyzd13zo...
2025-10-02 09:47:57,215 - INFO - 📖 Accessing API docs after login...
2025-10-02 09:47:57,340 - INFO - ✅ Successfully accessed API docs
2025-10-02 09:47:57,349 - INFO - ✅ Authenticated API docs saved to api_docs_authenticated.html
2025-10-02 09:47:57,489 - INFO - ✅ Found hex strings: ['b7896f51ce897f24dee64b6b7c774dc157a5e0e7c214f156d50e2a0bb8961c7f', 'b7896f51ce897f24dee64b6b7c774dc157a5e0e7c214f156d50e2a0bb8961c7f', 'b7896f51ce897f24dee64b6b7c774dc157a5e0e7c214f156d50e2a0bb8961c7f']
2025-10-02 09:47:57,490 - INFO - ✅ Using as API key: b7896f51ce897f24...
2025-10-02 09:47:57,491 - INFO - 🧪 Testing API key...
2025-10-02 09:47:57,534 - INFO - ✅ API key works!
2025-10-02 09:47:57,540 - INFO - ✅ API authentication successful!
2025-10-02 09:47:57,555 - INFO - ✅ Credentials saved to config
2025-10-02 09:55:10,742 - INFO - ⏳ Waiting for MobSF to be ready...
2025-10-02 09:55:11,181 - INFO - ✅ MobSF login page is accessible
2025-10-02 09:55:11,190 - INFO - 🔐 Logging in as mobsf...
2025-10-02 09:55:11,229 - INFO - ✅ CSRF token: n4qM7rNs7MsaRWGXLbj8...
2025-10-02 09:55:16,878 - INFO - ✅ Login successful! Redirected to API docs
2025-10-02 09:55:16,879 - INFO - ✅ Session cookie: bgkby1mnn8ol1pi6qjq5...
2025-10-02 09:55:16,879 - INFO - 📖 Accessing API docs after login...
2025-10-02 09:55:16,983 - INFO - ✅ Successfully accessed API docs
2025-10-02 09:55:16,990 - INFO - ✅ Authenticated API docs saved to api_docs_authenticated.html
2025-10-02 09:55:17,265 - INFO - ✅ Found hex strings: ['b7896f51ce897f24dee64b6b7c774dc157a5e0e7c214f156d50e2a0bb8961c7f', 'b7896f51ce897f24dee64b6b7c774dc157a5e0e7c214f156d50e2a0bb8961c7f', 'b7896f51ce897f24dee64b6b7c774dc157a5e0e7c214f156d50e2a0bb8961c7f']
2025-10-02 09:55:17,266 - INFO - ✅ Using as API key: b7896f51ce897f24...
2025-10-02 09:55:17,266 - INFO - 🧪 Testing API key...
2025-10-02 09:55:17,404 - INFO - ✅ API key works!
2025-10-02 09:55:17,405 - INFO - ✅ API authentication successful!
2025-10-02 09:55:17,405 - INFO - ✅ Credentials saved to config
2025-10-02 10:26:07,166 - INFO - ⏳ Waiting for MobSF to be ready...
2025-10-02 10:26:11,905 - INFO - ✅ MobSF login page is accessible
2025-10-02 10:26:11,907 - INFO - 🔐 Logging in as mobsf...
2025-10-02 10:26:11,923 - INFO - ✅ CSRF token: 1s465tfT3Uas3AYYCx5X...
2025-10-02 10:26:13,017 - INFO - ✅ Login successful! Redirected to API docs
2025-10-02 10:26:13,018 - INFO - ✅ Session cookie: jr40v5aas866oxk1hl1m...
2025-10-02 10:26:13,018 - INFO - 📖 Accessing API docs after login...
2025-10-02 10:26:13,033 - INFO - ✅ Successfully accessed API docs
2025-10-02 10:26:13,035 - INFO - ✅ Authenticated API docs saved to api_docs_authenticated.html
2025-10-02 10:26:13,088 - INFO - ✅ Found hex strings: ['10628cc20c45eaae5705f57379b779a388af6390eec58e809ca9e0fd32f3773b', '10628cc20c45eaae5705f57379b779a388af6390eec58e809ca9e0fd32f3773b', '10628cc20c45eaae5705f57379b779a388af6390eec58e809ca9e0fd32f3773b']
2025-10-02 10:26:13,088 - INFO - ✅ Using as API key: 10628cc20c45eaae...
2025-10-02 10:26:13,089 - INFO - 🧪 Testing API key...
2025-10-02 10:26:13,106 - INFO - ✅ API key works!
2025-10-02 10:26:13,107 - INFO - ✅ API authentication successful!
2025-10-02 10:26:13,109 - INFO - ✅ Credentials saved to config
2025-10-02 10:33:08,262 - INFO - ⏳ Waiting for MobSF to be ready...
2025-10-02 10:33:08,274 - INFO - ✅ MobSF login page is accessible
2025-10-02 10:33:08,275 - INFO - 🔐 Logging in as mobsf...
2025-10-02 10:33:08,284 - INFO - ✅ CSRF token: aqOcAWdQc1au4rcW1dT8...
2025-10-02 10:33:09,087 - INFO - ✅ Login successful! Redirected to API docs
2025-10-02 10:33:09,088 - INFO - ✅ Session cookie: ytahzccfuz80hk5qbd3s...
2025-10-02 10:33:09,088 - INFO - 📖 Accessing API docs after login...
2025-10-02 10:33:09,102 - INFO - ✅ Successfully accessed API docs
2025-10-02 10:33:09,104 - INFO - ✅ Authenticated API docs saved to api_docs_authenticated.html
2025-10-02 10:33:09,142 - INFO - ✅ Found hex strings: ['10628cc20c45eaae5705f57379b779a388af6390eec58e809ca9e0fd32f3773b', '10628cc20c45eaae5705f57379b779a388af6390eec58e809ca9e0fd32f3773b', '10628cc20c45eaae5705f57379b779a388af6390eec58e809ca9e0fd32f3773b']
2025-10-02 10:33:09,143 - INFO - ✅ Using as API key: 10628cc20c45eaae...
2025-10-02 10:33:09,144 - INFO - 🧪 Testing API key...
2025-10-02 10:33:09,154 - INFO - ✅ API key works!
2025-10-02 10:33:09,155 - INFO - ✅ API authentication successful!
2025-10-02 10:33:09,158 - INFO - ✅ Credentials saved to config
2025-10-02 10:33:43,497 - INFO - ⏳ Waiting for MobSF to be ready...
2025-10-02 10:33:43,505 - INFO - ✅ MobSF login page is accessible
2025-10-02 10:33:43,506 - INFO - 🔐 Logging in as mobsf...
2025-10-02 10:33:43,516 - INFO - ✅ CSRF token: 8wKB1UKXVAI5s95Kd7aX...
2025-10-02 10:33:44,398 - INFO - ✅ Login successful! Redirected to API docs
2025-10-02 10:33:44,398 - INFO - ✅ Session cookie: t5aezmzyd0xy6vnmzk7j...
2025-10-02 10:33:44,398 - INFO - 📖 Accessing API docs after login...
2025-10-02 10:33:44,411 - INFO - ✅ Successfully accessed API docs
2025-10-02 10:33:44,413 - INFO - ✅ Authenticated API docs saved to api_docs_authenticated.html
2025-10-02 10:33:44,449 - INFO - ✅ Found hex strings: ['10628cc20c45eaae5705f57379b779a388af6390eec58e809ca9e0fd32f3773b', '10628cc20c45eaae5705f57379b779a388af6390eec58e809ca9e0fd32f3773b', '10628cc20c45eaae5705f57379b779a388af6390eec58e809ca9e0fd32f3773b']
2025-10-02 10:33:44,450 - INFO - ✅ Using as API key: 10628cc20c45eaae...
2025-10-02 10:33:44,450 - INFO - 🧪 Testing API key...
2025-10-02 10:33:44,459 - INFO - ✅ API key works!
2025-10-02 10:33:44,459 - INFO - ✅ API authentication successful!
2025-10-02 10:33:44,460 - INFO - ✅ Credentials saved to config
2025-10-02 10:35:03,235 - INFO - ⏳ Waiting for MobSF to be ready...
2025-10-02 10:35:03,244 - INFO - ✅ MobSF login page is accessible
2025-10-02 10:35:03,245 - INFO - 🔐 Logging in as mobsf...
2025-10-02 10:35:03,253 - INFO - ✅ CSRF token: DPCqrgsaisi9VDB38ZiR...
2025-10-02 10:35:04,081 - INFO - ✅ Login successful! Redirected to API docs
2025-10-02 10:35:04,082 - INFO - ✅ Session cookie: pf815323otwfvd8ymgue...
2025-10-02 10:35:04,082 - INFO - 📖 Accessing API docs after login...
2025-10-02 10:35:04,095 - INFO - ✅ Successfully accessed API docs
2025-10-02 10:35:04,097 - INFO - ✅ Authenticated API docs saved to api_docs_authenticated.html
2025-10-02 10:35:04,134 - INFO - ✅ Found hex strings: ['10628cc20c45eaae5705f57379b779a388af6390eec58e809ca9e0fd32f3773b', '10628cc20c45eaae5705f57379b779a388af6390eec58e809ca9e0fd32f3773b', '10628cc20c45eaae5705f57379b779a388af6390eec58e809ca9e0fd32f3773b']
2025-10-02 10:35:04,134 - INFO - ✅ Using as API key: 10628cc20c45eaae...
2025-10-02 10:35:04,135 - INFO - 🧪 Testing API key...
2025-10-02 10:35:04,144 - INFO - ✅ API key works!
2025-10-02 10:35:04,144 - INFO - ✅ API authentication successful!
2025-10-02 10:35:04,145 - INFO - ✅ Credentials saved to config
2025-10-02 10:45:25,187 - INFO - ⏳ Waiting for MobSF to be ready...
2025-10-02 10:45:25,197 - INFO - ✅ MobSF login page is accessible
2025-10-02 10:45:25,203 - INFO - 🔐 Logging in as mobsf...
2025-10-02 10:45:25,219 - INFO - ✅ CSRF token: gY7MByC7f39VsJceywPf...
2025-10-02 10:45:26,098 - INFO - ✅ Login successful! Redirected to API docs
2025-10-02 10:45:26,099 - INFO - ✅ Session cookie: 5m009wua5zcayh09xyxe...
2025-10-02 10:45:26,100 - INFO - 📖 Accessing API docs after login...
2025-10-02 10:45:26,113 - INFO - ✅ Successfully accessed API docs
2025-10-02 10:45:26,121 - INFO - ✅ Authenticated API docs saved to api_docs_authenticated.html
2025-10-02 10:45:26,176 - INFO - ✅ Found hex strings: ['10628cc20c45eaae5705f57379b779a388af6390eec58e809ca9e0fd32f3773b', '10628cc20c45eaae5705f57379b779a388af6390eec58e809ca9e0fd32f3773b', '10628cc20c45eaae5705f57379b779a388af6390eec58e809ca9e0fd32f3773b']
2025-10-02 10:45:26,176 - INFO - ✅ Using as API key: 10628cc20c45eaae...
2025-10-02 10:45:26,176 - INFO - 🧪 Testing API key...
2025-10-02 10:45:26,208 - INFO - ✅ API key works!
2025-10-02 10:45:26,218 - INFO - ✅ API authentication successful!
2025-10-02 10:45:26,224 - INFO - ✅ Credentials saved to config
2025-10-02 10:45:34,090 - INFO - ⏳ Waiting for MobSF to be ready...
2025-10-02 10:45:34,105 - INFO - ✅ MobSF login page is accessible
2025-10-02 10:45:34,106 - INFO - 🔐 Logging in as mobsf...
2025-10-02 10:45:34,120 - INFO - ✅ CSRF token: FFuCLCJamvkYr4LKvsE3...
2025-10-02 10:45:34,962 - INFO - ✅ Login successful! Redirected to API docs
2025-10-02 10:45:34,963 - INFO - ✅ Session cookie: 16f4ikt0tetyjk5hiamd...
2025-10-02 10:45:34,963 - INFO - 📖 Accessing API docs after login...
2025-10-02 10:45:34,980 - INFO - ✅ Successfully accessed API docs
2025-10-02 10:45:34,983 - INFO - ✅ Authenticated API docs saved to api_docs_authenticated.html
2025-10-02 10:45:35,027 - INFO - ✅ Found hex strings: ['10628cc20c45eaae5705f57379b779a388af6390eec58e809ca9e0fd32f3773b', '10628cc20c45eaae5705f57379b779a388af6390eec58e809ca9e0fd32f3773b', '10628cc20c45eaae5705f57379b779a388af6390eec58e809ca9e0fd32f3773b']
2025-10-02 10:45:35,027 - INFO - ✅ Using as API key: 10628cc20c45eaae...
2025-10-02 10:45:35,028 - INFO - 🧪 Testing API key...
2025-10-02 10:45:35,036 - INFO - ✅ API key works!
2025-10-02 10:45:35,037 - INFO - ✅ API authentication successful!
2025-10-02 10:45:35,038 - INFO - ✅ Credentials saved to config
2025-10-02 10:45:41,598 - INFO - ⏳ Waiting for MobSF to be ready...
2025-10-02 10:45:41,606 - INFO - ✅ MobSF login page is accessible
2025-10-02 10:45:41,608 - INFO - 🔐 Logging in as mobsf...
2025-10-02 10:45:41,617 - INFO - ✅ CSRF token: JHkLpdEgRRPwNeiN187U...
2025-10-02 10:45:42,423 - INFO - ✅ Login successful! Redirected to API docs
2025-10-02 10:45:42,423 - INFO - ✅ Session cookie: firw8o87nznxy9hwol7u...
2025-10-02 10:45:42,424 - INFO - 📖 Accessing API docs after login...
2025-10-02 10:45:42,439 - INFO - ✅ Successfully accessed API docs
2025-10-02 10:45:42,441 - INFO - ✅ Authenticated API docs saved to api_docs_authenticated.html
2025-10-02 10:45:42,481 - INFO - ✅ Found hex strings: ['10628cc20c45eaae5705f57379b779a388af6390eec58e809ca9e0fd32f3773b', '10628cc20c45eaae5705f57379b779a388af6390eec58e809ca9e0fd32f3773b', '10628cc20c45eaae5705f57379b779a388af6390eec58e809ca9e0fd32f3773b']
2025-10-02 10:45:42,481 - INFO - ✅ Using as API key: 10628cc20c45eaae...
2025-10-02 10:45:42,482 - INFO - 🧪 Testing API key...
2025-10-02 10:45:42,490 - INFO - ✅ API key works!
2025-10-02 10:45:42,493 - INFO - ✅ API authentication successful!
2025-10-02 10:45:42,494 - INFO - ✅ Credentials saved to config
2025-10-02 10:45:59,600 - INFO - ⏳ Waiting for MobSF to be ready...
2025-10-02 10:45:59,608 - INFO - ✅ MobSF login page is accessible
2025-10-02 10:45:59,610 - INFO - 🔐 Logging in as mobsf...
2025-10-02 10:45:59,617 - INFO - ✅ CSRF token: c29smqv30HTEcsGxcLyM...
2025-10-02 10:46:00,422 - INFO - ✅ Login successful! Redirected to API docs
2025-10-02 10:46:00,423 - INFO - ✅ Session cookie: u576hubp11txmond2b48...
2025-10-02 10:46:00,423 - INFO - 📖 Accessing API docs after login...
2025-10-02 10:46:00,437 - INFO - ✅ Successfully accessed API docs
2025-10-02 10:46:00,440 - INFO - ✅ Authenticated API docs saved to api_docs_authenticated.html
2025-10-02 10:46:00,477 - INFO - ✅ Found hex strings: ['10628cc20c45eaae5705f57379b779a388af6390eec58e809ca9e0fd32f3773b', '10628cc20c45eaae5705f57379b779a388af6390eec58e809ca9e0fd32f3773b', '10628cc20c45eaae5705f57379b779a388af6390eec58e809ca9e0fd32f3773b']
2025-10-02 10:46:00,477 - INFO - ✅ Using as API key: 10628cc20c45eaae...
2025-10-02 10:46:00,477 - INFO - 🧪 Testing API key...
2025-10-02 10:46:00,488 - INFO - ✅ API key works!
2025-10-02 10:46:00,488 - INFO - ✅ API authentication successful!
2025-10-02 10:46:00,490 - INFO - ✅ Credentials saved to config
2025-10-02 10:47:21,367 - INFO - ⏳ Waiting for MobSF to be ready...
2025-10-02 10:47:21,375 - INFO - ✅ MobSF login page is accessible
2025-10-02 10:47:21,376 - INFO - 🔐 Logging in as mobsf...
2025-10-02 10:47:21,385 - INFO - ✅ CSRF token: WPPhNUA3SdsZnHcIfHrL...
2025-10-02 10:47:22,174 - INFO - ✅ Login successful! Redirected to API docs
2025-10-02 10:47:22,174 - INFO - ✅ Session cookie: 91yfsk43mrxltbxde5q5...
2025-10-02 10:47:22,175 - INFO - 📖 Accessing API docs after login...
2025-10-02 10:47:22,188 - INFO - ✅ Successfully accessed API docs
2025-10-02 10:47:22,190 - INFO - ✅ Authenticated API docs saved to api_docs_authenticated.html
2025-10-02 10:47:22,227 - INFO - ✅ Found hex strings: ['10628cc20c45eaae5705f57379b779a388af6390eec58e809ca9e0fd32f3773b', '10628cc20c45eaae5705f57379b779a388af6390eec58e809ca9e0fd32f3773b', '10628cc20c45eaae5705f57379b779a388af6390eec58e809ca9e0fd32f3773b']
2025-10-02 10:47:22,227 - INFO - ✅ Using as API key: 10628cc20c45eaae...
2025-10-02 10:47:22,228 - INFO - 🧪 Testing API key...
2025-10-02 10:47:22,236 - INFO - ✅ API key works!
2025-10-02 10:47:22,236 - INFO - ✅ API authentication successful!
2025-10-02 10:47:22,237 - INFO - ✅ Credentials saved to config
2025-10-02 11:06:44,054 - INFO - ⏳ Waiting for MobSF to be ready...
2025-10-02 11:06:44,063 - INFO - ✅ MobSF login page is accessible
2025-10-02 11:06:44,064 - INFO - 🔐 Logging in as mobsf...
2025-10-02 11:06:44,083 - INFO - ✅ CSRF token: GPvlZKlp5lV71oIB9C14...
2025-10-02 11:06:44,889 - INFO - ✅ Login successful! Redirected to API docs
2025-10-02 11:06:44,889 - INFO - ✅ Session cookie: 71zptv0l5ujl5a2fi7er...
2025-10-02 11:06:44,890 - INFO - 📖 Accessing API docs after login...
2025-10-02 11:06:44,904 - INFO - ✅ Successfully accessed API docs
2025-10-02 11:06:44,906 - INFO - ✅ Authenticated API docs saved to api_docs_authenticated.html
2025-10-02 11:06:44,956 - INFO - ✅ Found hex strings: ['10628cc20c45eaae5705f57379b779a388af6390eec58e809ca9e0fd32f3773b', '10628cc20c45eaae5705f57379b779a388af6390eec58e809ca9e0fd32f3773b', '10628cc20c45eaae5705f57379b779a388af6390eec58e809ca9e0fd32f3773b']
2025-10-02 11:06:44,956 - INFO - ✅ Using as API key: 10628cc20c45eaae...
2025-10-02 11:06:44,956 - INFO - 🧪 Testing API key...
2025-10-02 11:06:44,966 - INFO - ✅ API key works!
2025-10-02 11:06:44,968 - INFO - ✅ API authentication successful!
2025-10-02 11:06:44,971 - INFO - ✅ Credentials saved to config
2025-10-02 11:16:05,373 - INFO - ⏳ Waiting for MobSF to be ready...
2025-10-02 11:16:05,385 - INFO - ✅ MobSF login page is accessible
2025-10-02 11:16:05,386 - INFO - 🔐 Logging in as mobsf...
2025-10-02 11:16:05,398 - INFO - ✅ CSRF token: 2LC1dfvCTbDn16p5HY6I...
2025-10-02 11:16:06,318 - INFO - ✅ Login successful! Redirected to API docs
2025-10-02 11:16:06,319 - INFO - ✅ Session cookie: brvvyx0yykg6p7yrrsbe...
2025-10-02 11:16:06,320 - INFO - 📖 Accessing API docs after login...
2025-10-02 11:16:06,336 - INFO - ✅ Successfully accessed API docs
2025-10-02 11:16:06,339 - INFO - ✅ Authenticated API docs saved to api_docs_authenticated.html
2025-10-02 11:16:06,385 - INFO - ✅ Found hex strings: ['10628cc20c45eaae5705f57379b779a388af6390eec58e809ca9e0fd32f3773b', '10628cc20c45eaae5705f57379b779a388af6390eec58e809ca9e0fd32f3773b', '10628cc20c45eaae5705f57379b779a388af6390eec58e809ca9e0fd32f3773b']
2025-10-02 11:16:06,385 - INFO - ✅ Using as API key: 10628cc20c45eaae...
2025-10-02 11:16:06,385 - INFO - 🧪 Testing API key...
2025-10-02 11:16:06,395 - INFO - ✅ API key works!
2025-10-02 11:16:06,397 - INFO - ✅ API authentication successful!
2025-10-02 11:16:06,399 - INFO - ✅ Credentials saved to config
2025-10-02 11:17:59,468 - INFO - ⏳ Waiting for MobSF to be ready...
2025-10-02 11:17:59,477 - INFO - ✅ MobSF login page is accessible
2025-10-02 11:17:59,478 - INFO - 🔐 Logging in as mobsf...
2025-10-02 11:17:59,486 - INFO - ✅ CSRF token: H9Xqvsb6i8Qmhn1OcP3B...
2025-10-02 11:18:00,289 - INFO - ✅ Login successful! Redirected to API docs
2025-10-02 11:18:00,290 - INFO - ✅ Session cookie: bvmd7qmqauqnrrjpkjg0...
2025-10-02 11:18:00,290 - INFO - 📖 Accessing API docs after login...
2025-10-02 11:18:00,310 - INFO - ✅ Successfully accessed API docs
2025-10-02 11:18:00,318 - INFO - ✅ Authenticated API docs saved to api_docs_authenticated.html
2025-10-02 11:18:00,357 - INFO - ✅ Found hex strings: ['10628cc20c45eaae5705f57379b779a388af6390eec58e809ca9e0fd32f3773b', '10628cc20c45eaae5705f57379b779a388af6390eec58e809ca9e0fd32f3773b', '10628cc20c45eaae5705f57379b779a388af6390eec58e809ca9e0fd32f3773b']
2025-10-02 11:18:00,358 - INFO - ✅ Using as API key: 10628cc20c45eaae...
2025-10-02 11:18:00,359 - INFO - 🧪 Testing API key...
2025-10-02 11:18:00,371 - INFO - ✅ API key works!
2025-10-02 11:18:00,372 - INFO - ✅ API authentication successful!
2025-10-02 11:18:00,373 - INFO - ✅ Credentials saved to config
2025-10-02 11:36:26,203 - INFO - ⏳ Waiting for MobSF to be ready...
2025-10-02 11:36:26,211 - INFO - ✅ MobSF login page is accessible
2025-10-02 11:36:26,212 - INFO - 🔐 Logging in as mobsf...
2025-10-02 11:36:26,220 - INFO - ✅ CSRF token: lZKEuAqrd70UVw4fFMo1...
2025-10-02 11:36:27,216 - INFO - ✅ Login successful! Redirected to API docs
2025-10-02 11:36:27,216 - INFO - ✅ Session cookie: 4m2va4vihbpy6uie1cer...
2025-10-02 11:36:27,216 - INFO - 📖 Accessing API docs after login...
2025-10-02 11:36:27,229 - INFO - ✅ Successfully accessed API docs
2025-10-02 11:36:27,232 - INFO - ✅ Authenticated API docs saved to api_docs_authenticated.html
2025-10-02 11:36:27,270 - INFO - ✅ Found hex strings: ['10628cc20c45eaae5705f57379b779a388af6390eec58e809ca9e0fd32f3773b', '10628cc20c45eaae5705f57379b779a388af6390eec58e809ca9e0fd32f3773b', '10628cc20c45eaae5705f57379b779a388af6390eec58e809ca9e0fd32f3773b']
2025-10-02 11:36:27,270 - INFO - ✅ Using as API key: 10628cc20c45eaae...
2025-10-02 11:36:27,270 - INFO - 🧪 Testing API key...
2025-10-02 11:36:27,280 - INFO - ✅ API key works!
2025-10-02 11:36:27,281 - INFO - ✅ API authentication successful!
2025-10-02 11:36:27,281 - INFO - ✅ Credentials saved to config
2025-10-02 11:43:25,353 - INFO - ⏳ Waiting for MobSF to be ready...
2025-10-02 11:43:25,364 - INFO - ✅ MobSF login page is accessible
2025-10-02 11:43:25,365 - INFO - 🔐 Logging in as mobsf...
2025-10-02 11:43:25,373 - INFO - ✅ CSRF token: EdMB61QSfvAuKEyRSc1e...
2025-10-02 11:43:26,184 - INFO - ✅ Login successful! Redirected to API docs
2025-10-02 11:43:26,184 - INFO - ✅ Session cookie: voqbh97hg271iju07jp5...
2025-10-02 11:43:26,185 - INFO - 📖 Accessing API docs after login...
2025-10-02 11:43:26,199 - INFO - ✅ Successfully accessed API docs
2025-10-02 11:43:26,201 - INFO - ✅ Authenticated API docs saved to api_docs_authenticated.html
2025-10-02 11:43:26,261 - INFO - ✅ Found hex strings: ['10628cc20c45eaae5705f57379b779a388af6390eec58e809ca9e0fd32f3773b', '10628cc20c45eaae5705f57379b779a388af6390eec58e809ca9e0fd32f3773b', '10628cc20c45eaae5705f57379b779a388af6390eec58e809ca9e0fd32f3773b']
2025-10-02 11:43:26,262 - INFO - ✅ Using as API key: 10628cc20c45eaae...
2025-10-02 11:43:26,262 - INFO - 🧪 Testing API key...
2025-10-02 11:43:26,273 - INFO - ✅ API key works!
2025-10-02 11:43:26,274 - INFO - ✅ API authentication successful!
2025-10-02 11:43:26,276 - INFO - ✅ Credentials saved to config
2025-10-02 11:44:00,502 - INFO - ⏳ Waiting for MobSF to be ready...
2025-10-02 11:44:00,511 - INFO - ✅ MobSF login page is accessible
2025-10-02 11:44:00,512 - INFO - 🔐 Logging in as mobsf...
2025-10-02 11:44:00,520 - INFO - ✅ CSRF token: j0rUKUtnm9nQCS2oBNjj...
2025-10-02 11:44:01,327 - INFO - ✅ Login successful! Redirected to API docs
2025-10-02 11:44:01,327 - INFO - ✅ Session cookie: ba0do6763tch77kpg38u...
2025-10-02 11:44:01,328 - INFO - 📖 Accessing API docs after login...
2025-10-02 11:44:01,343 - INFO - ✅ Successfully accessed API docs
2025-10-02 11:44:01,346 - INFO - ✅ Authenticated API docs saved to api_docs_authenticated.html
2025-10-02 11:44:01,399 - INFO - ✅ Found hex strings: ['10628cc20c45eaae5705f57379b779a388af6390eec58e809ca9e0fd32f3773b', '10628cc20c45eaae5705f57379b779a388af6390eec58e809ca9e0fd32f3773b', '10628cc20c45eaae5705f57379b779a388af6390eec58e809ca9e0fd32f3773b']
2025-10-02 11:44:01,401 - INFO - ✅ Using as API key: 10628cc20c45eaae...
2025-10-02 11:44:01,410 - INFO - 🧪 Testing API key...
2025-10-02 11:44:01,422 - INFO - ✅ API key works!
2025-10-02 11:44:01,424 - INFO - ✅ API authentication successful!
2025-10-02 11:44:01,425 - INFO - ✅ Credentials saved to config
2025-10-02 12:22:01,502 - INFO - ⏳ Waiting for MobSF to be ready...
2025-10-02 12:22:01,511 - INFO - ✅ MobSF login page is accessible
2025-10-02 12:22:01,512 - INFO - 🔐 Logging in as mobsf...
2025-10-02 12:22:01,521 - INFO - ✅ CSRF token: 70GmJqmpXccJOG0u5Niz...
2025-10-02 12:22:02,336 - INFO - ✅ Login successful! Redirected to API docs
2025-10-02 12:22:02,337 - INFO - ✅ Session cookie: w2b9g1iiwr5xc1tujj3y...
2025-10-02 12:22:02,338 - INFO - 📖 Accessing API docs after login...
2025-10-02 12:22:02,353 - INFO - ✅ Successfully accessed API docs
2025-10-02 12:22:02,356 - INFO - ✅ Authenticated API docs saved to api_docs_authenticated.html
2025-10-02 12:22:02,400 - INFO - ✅ Found hex strings: ['10628cc20c45eaae5705f57379b779a388af6390eec58e809ca9e0fd32f3773b', '10628cc20c45eaae5705f57379b779a388af6390eec58e809ca9e0fd32f3773b', '10628cc20c45eaae5705f57379b779a388af6390eec58e809ca9e0fd32f3773b']
2025-10-02 12:22:02,401 - INFO - ✅ Using as API key: 10628cc20c45eaae...
2025-10-02 12:22:02,401 - INFO - 🧪 Testing API key...
2025-10-02 12:22:02,411 - INFO - ✅ API key works!
2025-10-02 12:22:02,411 - INFO - ✅ API authentication successful!
2025-10-02 12:22:02,412 - INFO - ✅ Credentials saved to config
2025-10-02 12:52:24,155 - INFO - ⏳ Waiting for MobSF to be ready...
2025-10-02 12:52:24,164 - INFO - ✅ MobSF login page is accessible
2025-10-02 12:52:24,165 - INFO - 🔐 Logging in as mobsf...
2025-10-02 12:52:24,173 - INFO - ✅ CSRF token: ZF1KC5vjs0xWoHIlVcmv...
2025-10-02 12:52:25,030 - INFO - ✅ Login successful! Redirected to API docs
2025-10-02 12:52:25,030 - INFO - ✅ Session cookie: ivjj670o971zvkq4ba2i...
2025-10-02 12:52:25,031 - INFO - 📖 Accessing API docs after login...
2025-10-02 12:52:25,045 - INFO - ✅ Successfully accessed API docs
2025-10-02 12:52:25,048 - INFO - ✅ Authenticated API docs saved to api_docs_authenticated.html
2025-10-02 12:52:25,088 - INFO - ✅ Found hex strings: ['10628cc20c45eaae5705f57379b779a388af6390eec58e809ca9e0fd32f3773b', '10628cc20c45eaae5705f57379b779a388af6390eec58e809ca9e0fd32f3773b', '10628cc20c45eaae5705f57379b779a388af6390eec58e809ca9e0fd32f3773b']
2025-10-02 12:52:25,088 - INFO - ✅ Using as API key: 10628cc20c45eaae...
2025-10-02 12:52:25,089 - INFO - 🧪 Testing API key...
2025-10-02 12:52:25,098 - INFO - ✅ API key works!
2025-10-02 12:52:25,101 - INFO - ✅ API authentication successful!
2025-10-02 12:52:25,105 - INFO - ✅ Credentials saved to config
2025-10-02 13:25:36,799 - INFO - ⏳ Waiting for MobSF to be ready...
2025-10-02 13:25:36,808 - INFO - ✅ MobSF login page is accessible
2025-10-02 13:25:36,809 - INFO - 🔐 Logging in as mobsf...
2025-10-02 13:25:36,816 - INFO - ✅ CSRF token: vi0cZTZVqJlcDCSpmmwk...
2025-10-02 13:25:37,681 - INFO - ✅ Login successful! Redirected to API docs
2025-10-02 13:25:37,681 - INFO - ✅ Session cookie: tzadg3ps4lwsa993a17y...
2025-10-02 13:25:37,681 - INFO - 📖 Accessing API docs after login...
2025-10-02 13:25:37,697 - INFO - ✅ Successfully accessed API docs
2025-10-02 13:25:37,704 - INFO - ✅ Authenticated API docs saved to api_docs_authenticated.html
2025-10-02 13:25:37,767 - INFO - ✅ Found hex strings: ['10628cc20c45eaae5705f57379b779a388af6390eec58e809ca9e0fd32f3773b', '10628cc20c45eaae5705f57379b779a388af6390eec58e809ca9e0fd32f3773b', '10628cc20c45eaae5705f57379b779a388af6390eec58e809ca9e0fd32f3773b']
2025-10-02 13:25:37,768 - INFO - ✅ Using as API key: 10628cc20c45eaae...
2025-10-02 13:25:37,768 - INFO - 🧪 Testing API key...
2025-10-02 13:25:37,780 - INFO - ✅ API key works!
2025-10-02 13:25:37,783 - INFO - ✅ API authentication successful!
2025-10-02 13:25:37,784 - INFO - ✅ Credentials saved to config
